[ 2016-08-23T11:30:06+08:00 ] ::1 /KOL/index.php/Admin/InsertKOL/insertKOL
INFO: [ app_init ] --START--
INFO: Run Behavior\BuildLiteBehavior [ RunTime:0.000052s ]
INFO: [ app_init ] --END-- [ RunTime:0.001318s ]
ERR: 1048:Column 'name' cannot be null
 [ SQL语句 ] : INSERT INTO `db_sway` (`ruid`,`name`,`nick_name`,`url`,`fansnum`,`readnum`,`paction`) VALUES ('1603',NULL,'aaa',NULL,'1245','2355','-')

[ 2016-08-23T11:33:04+08:00 ] ::1 /KOL/index.php/Admin/InsertKOL/insertKOL
INFO: [ app_init ] --START--
INFO: Run Behavior\BuildLiteBehavior [ RunTime:0.000052s ]
INFO: [ app_init ] --END-- [ RunTime:0.000842s ]
ERR: 1048:Column 'name' cannot be null
 [ SQL语句 ] : INSERT INTO `db_sway` (`ruid`,`name`,`nick_name`,`url`,`fansnum`,`readnum`,`paction`) VALUES ('1604',NULL,'aaa',NULL,'1245','2355','-')

[ 2016-08-23T11:36:07+08:00 ] ::1 /KOL/index.php/Admin/InsertKOL/insertKOL
INFO: [ app_init ] --START--
INFO: Run Behavior\BuildLiteBehavior [ RunTime:0.000050s ]
INFO: [ app_init ] --END-- [ RunTime:0.000817s ]
ERR: 1048:Column 'name' cannot be null
 [ SQL语句 ] : INSERT INTO `db_reduser` (`name`,`c_id`,`sex`,`age`,`username`,`tel`,`email`,`address`,`s_id`,`remark`,`brands`,`sur_name`,`en_name`) VALUES (NULL,NULL,'0','',NULL,'-','-','-',NULL,NULL,NULL,'','')

[ 2016-08-23T11:37:35+08:00 ] ::1 /KOL/index.php/Admin/InsertKOL/insertKOL
INFO: [ app_init ] --START--
INFO: Run Behavior\BuildLiteBehavior [ RunTime:0.000051s ]
INFO: [ app_init ] --END-- [ RunTime:0.000804s ]
ERR: 1048:Column 'name' cannot be null
 [ SQL语句 ] : INSERT INTO `db_reduser` (`name`,`c_id`,`sex`,`age`,`username`,`tel`,`email`,`address`,`s_id`,`remark`,`brands`,`sur_name`,`en_name`) VALUES (NULL,NULL,'0','',NULL,'-','-','-',NULL,NULL,NULL,'','')

[ 2016-08-23T11:40:02+08:00 ] ::1 /KOL/index.php/Admin/InsertKOL/insertKOL
INFO: [ app_init ] --START--
INFO: Run Behavior\BuildLiteBehavior [ RunTime:0.000052s ]
INFO: [ app_init ] --END-- [ RunTime:0.000814s ]
ERR: 1048:Column 'name' cannot be null
 [ SQL语句 ] : INSERT INTO `db_reduser` (`name`,`c_id`,`sex`,`age`,`username`,`tel`,`email`,`address`,`s_id`,`remark`,`brands`,`sur_name`,`en_name`) VALUES (NULL,NULL,'0','',NULL,'-','-','-',NULL,NULL,NULL,'','')

[ 2016-08-23T11:42:48+08:00 ] ::1 /KOL/index.php/Admin/InsertKOL/insertKOL
INFO: [ app_init ] --START--
INFO: Run Behavior\BuildLiteBehavior [ RunTime:0.000052s ]
INFO: [ app_init ] --END-- [ RunTime:0.000965s ]

[ 2016-08-23T11:43:33+08:00 ] ::1 /KOL/index.php/Admin/InsertKOL/insertKOL
INFO: [ app_init ] --START--
INFO: Run Behavior\BuildLiteBehavior [ RunTime:0.000051s ]
INFO: [ app_init ] --END-- [ RunTime:0.000812s ]
ERR: 1048:Column 'name' cannot be null
 [ SQL语句 ] : INSERT INTO `db_reduser` (`name`,`c_id`,`sex`,`age`,`username`,`tel`,`email`,`address`,`s_id`,`remark`,`brands`,`sur_name`,`en_name`) VALUES (NULL,NULL,'0','',NULL,'-','-','-',NULL,NULL,NULL,'','')

[ 2016-08-23T11:44:17+08:00 ] ::1 /KOL/index.php/Admin/InsertKOL/insertKOL
INFO: [ app_init ] --START--
INFO: Run Behavior\BuildLiteBehavior [ RunTime:0.000052s ]
INFO: [ app_init ] --END-- [ RunTime:0.000822s ]

[ 2016-08-23T11:44:44+08:00 ] ::1 /KOL/index.php/Admin/InsertKOL/insertKOL
INFO: [ app_init ] --START--
INFO: Run Behavior\BuildLiteBehavior [ RunTime:0.000056s ]
INFO: [ app_init ] --END-- [ RunTime:0.001033s ]

[ 2016-08-23T11:45:49+08:00 ] ::1 /KOL/index.php/Admin/InsertKOL/insertKOL
INFO: [ app_init ] --START--
INFO: Run Behavior\BuildLiteBehavior [ RunTime:0.000052s ]
INFO: [ app_init ] --END-- [ RunTime:0.000794s ]

[ 2016-08-23T11:46:02+08:00 ] ::1 /KOL/index.php/Admin/InsertKOL/insertKOL
INFO: [ app_init ] --START--
INFO: Run Behavior\BuildLiteBehavior [ RunTime:0.000067s ]
INFO: [ app_init ] --END-- [ RunTime:0.002655s ]

[ 2016-08-23T11:46:42+08:00 ] ::1 /KOL/index.php/Admin/InsertKOL/insertKOL
INFO: [ app_init ] --START--
INFO: Run Behavior\BuildLiteBehavior [ RunTime:0.000050s ]
INFO: [ app_init ] --END-- [ RunTime:0.000798s ]

[ 2016-08-23T11:47:28+08:00 ] ::1 /KOL/index.php/Admin/InsertKOL/insertKOL
INFO: [ app_init ] --START--
INFO: Run Behavior\BuildLiteBehavior [ RunTime:0.000053s ]
INFO: [ app_init ] --END-- [ RunTime:0.000839s ]

[ 2016-08-23T11:48:05+08:00 ] ::1 /KOL/index.php/Admin/InsertKOL/insertKOL
INFO: [ app_init ] --START--
INFO: Run Behavior\BuildLiteBehavior [ RunTime:0.000054s ]
INFO: [ app_init ] --END-- [ RunTime:0.000801s ]

[ 2016-08-23T11:49:22+08:00 ] ::1 /KOL/index.php/Admin/InsertKOL/insertKOL
INFO: [ app_init ] --START--
INFO: Run Behavior\BuildLiteBehavior [ RunTime:0.000051s ]
INFO: [ app_init ] --END-- [ RunTime:0.000806s ]

[ 2016-08-23T11:50:21+08:00 ] ::1 /KOL/index.php/Admin/InsertKOL/insertKOL
INFO: [ app_init ] --START--
INFO: Run Behavior\BuildLiteBehavior [ RunTime:0.000053s ]
INFO: [ app_init ] --END-- [ RunTime:0.000906s ]

[ 2016-08-23T14:38:15+08:00 ] ::1 /KOL/index.php/Admin/InsertKOL/insertKOL
INFO: [ app_init ] --START--
INFO: Run Behavior\BuildLiteBehavior [ RunTime:0.000054s ]
INFO: [ app_init ] --END-- [ RunTime:0.001562s ]

[ 2016-08-23T14:39:54+08:00 ] ::1 /KOL/index.php/Admin/InsertKOL/insertKOL
INFO: [ app_init ] --START--
INFO: Run Behavior\BuildLiteBehavior [ RunTime:0.000054s ]
INFO: [ app_init ] --END-- [ RunTime:0.000876s ]

[ 2016-08-23T14:40:08+08:00 ] ::1 /KOL/index.php/Admin/InsertKOL/insertKOL
INFO: [ app_init ] --START--
INFO: Run Behavior\BuildLiteBehavior [ RunTime:0.000053s ]
INFO: [ app_init ] --END-- [ RunTime:0.000838s ]

[ 2016-08-23T14:40:26+08:00 ] ::1 /KOL/index.php/Admin/InsertKOL/insertKOL
INFO: [ app_init ] --START--
INFO: Run Behavior\BuildLiteBehavior [ RunTime:0.000053s ]
INFO: [ app_init ] --END-- [ RunTime:0.000828s ]

[ 2016-08-23T14:40:48+08:00 ] ::1 /KOL/index.php/Admin/InsertKOL/insertKOL
INFO: [ app_init ] --START--
INFO: Run Behavior\BuildLiteBehavior [ RunTime:0.000051s ]
INFO: [ app_init ] --END-- [ RunTime:0.000809s ]

[ 2016-08-23T14:41:26+08:00 ] ::1 /KOL/index.php/Admin/InsertKOL/insertKOL
INFO: [ app_init ] --START--
INFO: Run Behavior\BuildLiteBehavior [ RunTime:0.000054s ]
INFO: [ app_init ] --END-- [ RunTime:0.001489s ]

[ 2016-08-23T14:41:50+08:00 ] ::1 /KOL/index.php/Admin/InsertKOL/insertKOL
INFO: [ app_init ] --START--
INFO: Run Behavior\BuildLiteBehavior [ RunTime:0.000052s ]
INFO: [ app_init ] --END-- [ RunTime:0.000826s ]

[ 2016-08-23T14:42:06+08:00 ] ::1 /KOL/index.php/Admin/InsertKOL/insertKOL
INFO: [ app_init ] --START--
INFO: Run Behavior\BuildLiteBehavior [ RunTime:0.000051s ]
INFO: [ app_init ] --END-- [ RunTime:0.000845s ]

[ 2016-08-23T14:42:26+08:00 ] ::1 /KOL/index.php/Admin/InsertKOL/insertKOL
INFO: [ app_init ] --START--
INFO: Run Behavior\BuildLiteBehavior [ RunTime:0.000055s ]
INFO: [ app_init ] --END-- [ RunTime:0.000809s ]

[ 2016-08-23T14:42:37+08:00 ] ::1 /KOL/index.php/Admin/InsertKOL/insertKOL
INFO: [ app_init ] --START--
INFO: Run Behavior\BuildLiteBehavior [ RunTime:0.000052s ]
INFO: [ app_init ] --END-- [ RunTime:0.000861s ]

[ 2016-08-23T14:42:47+08:00 ] ::1 /KOL/index.php/Admin/InsertKOL/insertKOL
INFO: [ app_init ] --START--
INFO: Run Behavior\BuildLiteBehavior [ RunTime:0.000052s ]
INFO: [ app_init ] --END-- [ RunTime:0.000798s ]

[ 2016-08-23T14:43:01+08:00 ] ::1 /KOL/index.php/Admin/InsertKOL/insertKOL
INFO: [ app_init ] --START--
INFO: Run Behavior\BuildLiteBehavior [ RunTime:0.000051s ]
INFO: [ app_init ] --END-- [ RunTime:0.001008s ]

[ 2016-08-23T14:43:32+08:00 ] ::1 /KOL/index.php/Admin/InsertKOL/insertKOL
INFO: [ app_init ] --START--
INFO: Run Behavior\BuildLiteBehavior [ RunTime:0.000053s ]
INFO: [ app_init ] --END-- [ RunTime:0.000839s ]

[ 2016-08-23T14:43:43+08:00 ] ::1 /KOL/index.php/Admin/InsertKOL/insertKOL
INFO: [ app_init ] --START--
INFO: Run Behavior\BuildLiteBehavior [ RunTime:0.000052s ]
INFO: [ app_init ] --END-- [ RunTime:0.000805s ]

[ 2016-08-23T14:43:57+08:00 ] ::1 /KOL/index.php/Admin/InsertKOL/insertKOL
INFO: [ app_init ] --START--
INFO: Run Behavior\BuildLiteBehavior [ RunTime:0.000051s ]
INFO: [ app_init ] --END-- [ RunTime:0.000796s ]
ERR: 1048:Column 'name' cannot be null
 [ SQL语句 ] : INSERT INTO `db_abilitys` (`name`) VALUES (NULL)

[ 2016-08-23T14:46:42+08:00 ] ::1 /KOL/index.php/Admin/InsertKOL/insertKOL
INFO: [ app_init ] --START--
INFO: Run Behavior\BuildLiteBehavior [ RunTime:0.000051s ]
INFO: [ app_init ] --END-- [ RunTime:0.000816s ]
ERR: 1452:Cannot add or update a child row: a foreign key constraint fails (`kol_redmanage`.`db_reduser`, CONSTRAINT `db_reduser_ibfk_2` FOREIGN KEY (`rank`) REFERENCES `db_vip` (`id`) ON DELETE SET NULL ON UPDATE CASCADE)
 [ SQL语句 ] : UPDATE `db_reduser` SET `ruid`='1606',`bday`='1995-10-10',`hobbys`='吃饭睡觉打游戏',`rank`='3',`dye`='2' WHERE `ruid` = '1606'

[ 2016-08-23T14:52:52+08:00 ] ::1 /KOL/index.php/Admin/InsertKOL/insertKOL
INFO: [ app_init ] --START--
INFO: Run Behavior\BuildLiteBehavior [ RunTime:0.000157s ]
INFO: [ app_init ] --END-- [ RunTime:0.000930s ]
ERR: 1452:Cannot add or update a child row: a foreign key constraint fails (`kol_redmanage`.`db_reduser`, CONSTRAINT `db_reduser_ibfk_3` FOREIGN KEY (`dye`) REFERENCES `db_faceval` (`id`) ON DELETE SET NULL ON UPDATE CASCADE)
 [ SQL语句 ] : UPDATE `db_reduser` SET `ruid`='1607',`bday`='1995-10-10',`hobbys`='吃饭睡觉打游戏',`dye`='2',`rank`=NULL WHERE `ruid` = '1607'

[ 2016-08-23T14:56:45+08:00 ] ::1 /KOL/index.php/Admin/InsertKOL/insertKOL
INFO: [ app_init ] --START--
INFO: Run Behavior\BuildLiteBehavior [ RunTime:0.000052s ]
INFO: [ app_init ] --END-- [ RunTime:0.000805s ]

[ 2016-08-23T15:10:09+08:00 ] ::1 /KOL/index.php/Admin/InsertKOL/insertKOL
INFO: [ app_init ] --START--
INFO: Run Behavior\BuildLiteBehavior [ RunTime:0.000053s ]
INFO: [ app_init ] --END-- [ RunTime:0.000819s ]

[ 2016-08-23T15:10:39+08:00 ] ::1 /KOL/index.php/Admin/InsertKOL/insertKOL
INFO: [ app_init ] --START--
INFO: Run Behavior\BuildLiteBehavior [ RunTime:0.000055s ]
INFO: [ app_init ] --END-- [ RunTime:0.001585s ]

[ 2016-08-23T15:10:53+08:00 ] ::1 /KOL/index.php/Admin/InsertKOL/insertKOL
INFO: [ app_init ] --START--
INFO: Run Behavior\BuildLiteBehavior [ RunTime:0.000052s ]
INFO: [ app_init ] --END-- [ RunTime:0.000831s ]

[ 2016-08-23T15:12:24+08:00 ] ::1 /KOL/index.php/Admin/InsertKOL/insertKOL
INFO: [ app_init ] --START--
INFO: Run Behavior\BuildLiteBehavior [ RunTime:0.000052s ]
INFO: [ app_init ] --END-- [ RunTime:0.000819s ]

[ 2016-08-23T15:12:33+08:00 ] ::1 /KOL/index.php/Admin/InsertKOL/insertKOL
INFO: [ app_init ] --START--
INFO: Run Behavior\BuildLiteBehavior [ RunTime:0.000052s ]
INFO: [ app_init ] --END-- [ RunTime:0.000812s ]

[ 2016-08-23T15:12:55+08:00 ] ::1 /KOL/index.php/Admin/InsertKOL/insertKOL
INFO: [ app_init ] --START--
INFO: Run Behavior\BuildLiteBehavior [ RunTime:0.000053s ]
INFO: [ app_init ] --END-- [ RunTime:0.001040s ]

[ 2016-08-23T15:13:15+08:00 ] ::1 /KOL/index.php/Admin/InsertKOL/insertKOL
INFO: [ app_init ] --START--
INFO: Run Behavior\BuildLiteBehavior [ RunTime:0.000051s ]
INFO: [ app_init ] --END-- [ RunTime:0.000812s ]

[ 2016-08-23T15:13:27+08:00 ] ::1 /KOL/index.php/Admin/InsertKOL/insertKOL
INFO: [ app_init ] --START--
INFO: Run Behavior\BuildLiteBehavior [ RunTime:0.000052s ]
INFO: [ app_init ] --END-- [ RunTime:0.002076s ]

[ 2016-08-23T15:13:36+08:00 ] ::1 /KOL/index.php/Admin/InsertKOL/insertKOL
INFO: [ app_init ] --START--
INFO: Run Behavior\BuildLiteBehavior [ RunTime:0.000053s ]
INFO: [ app_init ] --END-- [ RunTime:0.001129s ]

[ 2016-08-23T15:25:20+08:00 ] ::1 /KOL/index.php/Admin/InsertKOL/insertKOL
INFO: [ app_init ] --START--
INFO: Run Behavior\BuildLiteBehavior [ RunTime:0.000053s ]
INFO: [ app_init ] --END-- [ RunTime:0.000878s ]
ERR: 1054:Unknown column 'id' in 'field list'
 [ SQL语句 ] : SELECT `id` FROM `db_reduser` WHERE `tel` = '13867381576' LIMIT 1  

[ 2016-08-23T15:26:14+08:00 ] ::1 /KOL/index.php/Admin/InsertKOL/insertKOL
INFO: [ app_init ] --START--
INFO: Run Behavior\BuildLiteBehavior [ RunTime:0.000051s ]
INFO: [ app_init ] --END-- [ RunTime:0.000839s ]

[ 2016-08-23T15:27:44+08:00 ] ::1 /KOL/index.php/Admin/InsertKOL/insertKOL
INFO: [ app_init ] --START--
INFO: Run Behavior\BuildLiteBehavior [ RunTime:0.000054s ]
INFO: [ app_init ] --END-- [ RunTime:0.000810s ]

[ 2016-08-23T15:29:23+08:00 ] ::1 /KOL/index.php/Admin/InsertKOL/insertKOL
INFO: [ app_init ] --START--
INFO: Run Behavior\BuildLiteBehavior [ RunTime:0.000050s ]
INFO: [ app_init ] --END-- [ RunTime:0.000828s ]

[ 2016-08-23T15:29:42+08:00 ] ::1 /KOL/index.php/Admin/InsertKOL/insertKOL
INFO: [ app_init ] --START--
INFO: Run Behavior\BuildLiteBehavior [ RunTime:0.000054s ]
INFO: [ app_init ] --END-- [ RunTime:0.001070s ]

[ 2016-08-23T15:30:37+08:00 ] ::1 /KOL/index.php/Admin/InsertKOL/insertKOL
INFO: [ app_init ] --START--
INFO: Run Behavior\BuildLiteBehavior [ RunTime:0.000052s ]
INFO: [ app_init ] --END-- [ RunTime:0.000787s ]

[ 2016-08-23T15:30:45+08:00 ] ::1 /KOL/index.php/Admin/InsertKOL/insertKOL
INFO: [ app_init ] --START--
INFO: Run Behavior\BuildLiteBehavior [ RunTime:0.000054s ]
INFO: [ app_init ] --END-- [ RunTime:0.000896s ]

[ 2016-08-23T15:31:02+08:00 ] ::1 /KOL/index.php/Admin/InsertKOL/insertKOL
INFO: [ app_init ] --START--
INFO: Run Behavior\BuildLiteBehavior [ RunTime:0.000052s ]
INFO: [ app_init ] --END-- [ RunTime:0.000819s ]

[ 2016-08-23T15:39:21+08:00 ] ::1 /KOL/index.php/Admin/Natures/insertNatures
INFO: [ app_init ] --START--
INFO: Run Behavior\BuildLiteBehavior [ RunTime:0.000052s ]
INFO: [ app_init ] --END-- [ RunTime:0.000836s ]

[ 2016-08-23T15:40:53+08:00 ] ::1 /KOL/index.php/Admin/Natures/insertNatures
INFO: [ app_init ] --START--
INFO: Run Behavior\BuildLiteBehavior [ RunTime:0.000052s ]
INFO: [ app_init ] --END-- [ RunTime:0.000867s ]

[ 2016-08-23T15:41:08+08:00 ] ::1 /KOL/index.php/Admin/Natures/insertNatures
INFO: [ app_init ] --START--
INFO: Run Behavior\BuildLiteBehavior [ RunTime:0.000054s ]
INFO: [ app_init ] --END-- [ RunTime:0.000802s ]

[ 2016-08-23T15:41:44+08:00 ] ::1 /KOL/index.php/Admin/Natures/insertNatures
INFO: [ app_init ] --START--
INFO: Run Behavior\BuildLiteBehavior [ RunTime:0.000052s ]
INFO: [ app_init ] --END-- [ RunTime:0.000813s ]

[ 2016-08-23T15:42:25+08:00 ] ::1 /KOL/index.php/Admin/Natures/insertNatures
INFO: [ app_init ] --START--
INFO: Run Behavior\BuildLiteBehavior [ RunTime:0.000054s ]
INFO: [ app_init ] --END-- [ RunTime:0.000811s ]

[ 2016-08-23T15:42:57+08:00 ] ::1 /KOL/index.php/Admin/Natures/insertNatures
INFO: [ app_init ] --START--
INFO: Run Behavior\BuildLiteBehavior [ RunTime:0.000051s ]
INFO: [ app_init ] --END-- [ RunTime:0.000798s ]

[ 2016-08-23T15:43:48+08:00 ] ::1 /KOL/index.php/Admin/Natures/insertNatures
INFO: [ app_init ] --START--
INFO: Run Behavior\BuildLiteBehavior [ RunTime:0.000053s ]
INFO: [ app_init ] --END-- [ RunTime:0.000825s ]

[ 2016-08-23T15:44:04+08:00 ] ::1 /KOL/index.php/Admin/Natures/insertNatures
INFO: [ app_init ] --START--
INFO: Run Behavior\BuildLiteBehavior [ RunTime:0.000053s ]
INFO: [ app_init ] --END-- [ RunTime:0.000978s ]

[ 2016-08-23T15:46:36+08:00 ] ::1 /KOL/index.php/Admin/Abilitys/insertAbilitys
INFO: [ app_init ] --START--
INFO: Run Behavior\BuildLiteBehavior [ RunTime:0.000053s ]
INFO: [ app_init ] --END-- [ RunTime:0.000978s ]
ERR: 无法加载控制器:Abilitys

[ 2016-08-23T15:47:04+08:00 ] ::1 /KOL/index.php/Admin/Abilitys/insertAbilitys
INFO: [ app_init ] --START--
INFO: Run Behavior\BuildLiteBehavior [ RunTime:0.000051s ]
INFO: [ app_init ] --END-- [ RunTime:0.000784s ]

[ 2016-08-23T15:55:25+08:00 ] ::1 /KOL/index.php/Admin/Sway/getSwayList
INFO: [ app_init ] --START--
INFO: Run Behavior\BuildLiteBehavior [ RunTime:0.000053s ]
INFO: [ app_init ] --END-- [ RunTime:0.001004s ]

[ 2016-08-23T15:55:45+08:00 ] ::1 /KOL/index.php/Admin/Sway/getSwayList
INFO: [ app_init ] --START--
INFO: Run Behavior\BuildLiteBehavior [ RunTime:0.000050s ]
INFO: [ app_init ] --END-- [ RunTime:0.000953s ]

[ 2016-08-23T15:56:19+08:00 ] ::1 /KOL/index.php/Admin/Sway/getSwayList
INFO: [ app_init ] --START--
INFO: Run Behavior\BuildLiteBehavior [ RunTime:0.000050s ]
INFO: [ app_init ] --END-- [ RunTime:0.000806s ]

[ 2016-08-23T15:56:43+08:00 ] ::1 /KOL/index.php/Admin/Sway/getSwayList
INFO: [ app_init ] --START--
INFO: Run Behavior\BuildLiteBehavior [ RunTime:0.000052s ]
INFO: [ app_init ] --END-- [ RunTime:0.000828s ]

[ 2016-08-23T16:02:13+08:00 ] ::1 /KOL/index.php/Admin/InsertKOL/insertKOL
INFO: [ app_init ] --START--
INFO: Run Behavior\BuildLiteBehavior [ RunTime:0.000053s ]
INFO: [ app_init ] --END-- [ RunTime:0.000851s ]

[ 2016-08-23T16:05:09+08:00 ] ::1 /KOL/index.php/Admin/Sway/updateSway
INFO: [ app_init ] --START--
INFO: Run Behavior\BuildLiteBehavior [ RunTime:0.000051s ]
INFO: [ app_init ] --END-- [ RunTime:0.000823s ]

[ 2016-08-23T16:08:18+08:00 ] ::1 /KOL/index.php/Admin/InsertKOL/insertKOL
INFO: [ app_init ] --START--
INFO: Run Behavior\BuildLiteBehavior [ RunTime:0.000057s ]
INFO: [ app_init ] --END-- [ RunTime:0.001841s ]

[ 2016-08-23T16:08:55+08:00 ] ::1 /KOL/index.php/Admin/Sway/updateSway
INFO: [ app_init ] --START--
INFO: Run Behavior\BuildLiteBehavior [ RunTime:0.000230s ]
INFO: [ app_init ] --END-- [ RunTime:0.001006s ]

[ 2016-08-23T16:09:16+08:00 ] ::1 /KOL/index.php/Admin/Sway/updateSway
INFO: [ app_init ] --START--
INFO: Run Behavior\BuildLiteBehavior [ RunTime:0.000053s ]
INFO: [ app_init ] --END-- [ RunTime:0.000857s ]

[ 2016-08-23T16:10:39+08:00 ] ::1 /KOL/index.php/Admin/Sway/deleteSway
INFO: [ app_init ] --START--
INFO: Run Behavior\BuildLiteBehavior [ RunTime:0.000053s ]
INFO: [ app_init ] --END-- [ RunTime:0.000851s ]

[ 2016-08-23T16:11:39+08:00 ] ::1 /KOL/index.php/Admin/Sway/deleteSway
INFO: [ app_init ] --START--
INFO: Run Behavior\BuildLiteBehavior [ RunTime:0.000053s ]
INFO: [ app_init ] --END-- [ RunTime:0.001065s ]

[ 2016-08-23T16:12:43+08:00 ] ::1 /KOL/index.php/Admin/Sway/deleteSway
INFO: [ app_init ] --START--
INFO: Run Behavior\BuildLiteBehavior [ RunTime:0.000051s ]
INFO: [ app_init ] --END-- [ RunTime:0.000823s ]

[ 2016-08-23T16:14:06+08:00 ] ::1 /KOL/index.php/Admin/Sway/deleteSway
INFO: [ app_init ] --START--
INFO: Run Behavior\BuildLiteBehavior [ RunTime:0.000052s ]
INFO: [ app_init ] --END-- [ RunTime:0.000855s ]

[ 2016-08-23T16:14:47+08:00 ] ::1 /KOL/index.php/Admin/Sway/deleteSway
INFO: [ app_init ] --START--
INFO: Run Behavior\BuildLiteBehavior [ RunTime:0.000052s ]
INFO: [ app_init ] --END-- [ RunTime:0.000808s ]

[ 2016-08-23T16:16:32+08:00 ] ::1 /KOL/index.php/Admin/Sway/getSwayList
INFO: [ app_init ] --START--
INFO: Run Behavior\BuildLiteBehavior [ RunTime:0.000051s ]
INFO: [ app_init ] --END-- [ RunTime:0.000798s ]

[ 2016-08-23T16:16:41+08:00 ] ::1 /KOL/index.php/Admin/Sway/getSwayList
INFO: [ app_init ] --START--
INFO: Run Behavior\BuildLiteBehavior [ RunTime:0.000051s ]
INFO: [ app_init ] --END-- [ RunTime:0.000786s ]

[ 2016-08-23T16:17:22+08:00 ] ::1 /KOL/index.php/Admin/Sway/getSwayList
INFO: [ app_init ] --START--
INFO: Run Behavior\BuildLiteBehavior [ RunTime:0.000056s ]
INFO: [ app_init ] --END-- [ RunTime:0.001019s ]

[ 2016-08-23T16:18:31+08:00 ] ::1 /KOL/index.php/Admin/Sway/deleteSway
INFO: [ app_init ] --START--
INFO: Run Behavior\BuildLiteBehavior [ RunTime:0.000051s ]
INFO: [ app_init ] --END-- [ RunTime:0.000803s ]

[ 2016-08-23T16:19:25+08:00 ] ::1 /KOL/index.php/Admin/Sway/deleteSway
INFO: [ app_init ] --START--
INFO: Run Behavior\BuildLiteBehavior [ RunTime:0.000051s ]
INFO: [ app_init ] --END-- [ RunTime:0.000790s ]

[ 2016-08-23T16:36:55+08:00 ] ::1 /KOL/index.php/Admin/SpecialDay/getSpecialDay
INFO: [ app_init ] --START--
INFO: Run Behavior\BuildLiteBehavior [ RunTime:0.000051s ]
INFO: [ app_init ] --END-- [ RunTime:0.000877s ]

[ 2016-08-23T16:37:59+08:00 ] ::1 /KOL/index.php/Admin/SpecialDay/deleteSpecialDay
INFO: [ app_init ] --START--
INFO: Run Behavior\BuildLiteBehavior [ RunTime:0.000053s ]
INFO: [ app_init ] --END-- [ RunTime:0.000860s ]

[ 2016-08-23T16:38:45+08:00 ] ::1 /KOL/index.php/Admin/SpecialDay/deleteSpecialDay
INFO: [ app_init ] --START--
INFO: Run Behavior\BuildLiteBehavior [ RunTime:0.000051s ]
INFO: [ app_init ] --END-- [ RunTime:0.000843s ]

[ 2016-08-23T17:58:21+08:00 ] ::1 /KOL/index.php/Admin/InsertKOL/insertKOL
INFO: [ app_init ] --START--
INFO: Run Behavior\BuildLiteBehavior [ RunTime:0.000053s ]
INFO: [ app_init ] --END-- [ RunTime:0.016707s ]

[ 2016-08-23T17:58:37+08:00 ] ::1 /KOL/index.php/Admin/InsertKOL/insertKOL
INFO: [ app_init ] --START--
INFO: Run Behavior\BuildLiteBehavior [ RunTime:0.000052s ]
INFO: [ app_init ] --END-- [ RunTime:0.000800s ]

[ 2016-08-23T17:59:20+08:00 ] ::1 /KOL/index.php/Admin/InsertKOL/insertKOL
INFO: [ app_init ] --START--
INFO: Run Behavior\BuildLiteBehavior [ RunTime:0.000053s ]
INFO: [ app_init ] --END-- [ RunTime:0.001068s ]

[ 2016-08-23T18:00:20+08:00 ] ::1 /KOL/index.php/Admin/InsertKOL/insertKOL
INFO: [ app_init ] --START--
INFO: Run Behavior\BuildLiteBehavior [ RunTime:0.000052s ]
INFO: [ app_init ] --END-- [ RunTime:0.000829s ]

[ 2016-08-23T18:03:10+08:00 ] ::1 /KOL/index.php/Admin/Natures/insertNatures
INFO: [ app_init ] --START--
INFO: Run Behavior\BuildLiteBehavior [ RunTime:0.000051s ]
INFO: [ app_init ] --END-- [ RunTime:0.000812s ]

[ 2016-08-23T18:05:16+08:00 ] ::1 /KOL/index.php/Admin/Sway/getSwayList
INFO: [ app_init ] --START--
INFO: Run Behavior\BuildLiteBehavior [ RunTime:0.000052s ]
INFO: [ app_init ] --END-- [ RunTime:0.000824s ]

[ 2016-08-23T18:05:50+08:00 ] ::1 /KOL/index.php/Admin/Sway/getSwayList
INFO: [ app_init ] --START--
INFO: Run Behavior\BuildLiteBehavior [ RunTime:0.000053s ]
INFO: [ app_init ] --END-- [ RunTime:0.000798s ]

[ 2016-08-23T18:06:26+08:00 ] ::1 /KOL/index.php/Admin/Sway/getSwayList
INFO: [ app_init ] --START--
INFO: Run Behavior\BuildLiteBehavior [ RunTime:0.000050s ]
INFO: [ app_init ] --END-- [ RunTime:0.000788s ]

[ 2016-08-23T18:07:07+08:00 ] ::1 /KOL/index.php/Admin/Sway/updateSway
INFO: [ app_init ] --START--
INFO: Run Behavior\BuildLiteBehavior [ RunTime:0.000053s ]
INFO: [ app_init ] --END-- [ RunTime:0.000835s ]

[ 2016-08-23T18:08:36+08:00 ] ::1 /KOL/index.php/Admin/SpecialDay/getSpecialDay
INFO: [ app_init ] --START--
INFO: Run Behavior\BuildLiteBehavior [ RunTime:0.000058s ]
INFO: [ app_init ] --END-- [ RunTime:0.000842s ]

[ 2016-08-23T18:09:25+08:00 ] ::1 /KOL/index.php/Admin/SpecialDay/getSpecialDay
INFO: [ app_init ] --START--
INFO: Run Behavior\BuildLiteBehavior [ RunTime:0.000055s ]
INFO: [ app_init ] --END-- [ RunTime:0.000980s ]

[ 2016-08-23T18:09:49+08:00 ] ::1 /KOL/index.php/Admin/SpecialDay/getSpecialDay
INFO: [ app_init ] --START--
INFO: Run Behavior\BuildLiteBehavior [ RunTime:0.000053s ]
INFO: [ app_init ] --END-- [ RunTime:0.000848s ]

[ 2016-08-23T18:10:51+08:00 ] ::1 /KOL/index.php/Admin/SpecialDay/getSpecialDay
INFO: [ app_init ] --START--
INFO: Run Behavior\BuildLiteBehavior [ RunTime:0.000054s ]
INFO: [ app_init ] --END-- [ RunTime:0.000994s ]

[ 2016-08-23T18:11:51+08:00 ] ::1 /KOL/index.php/Admin/SpecialDay/deleteSpecialDay
INFO: [ app_init ] --START--
INFO: Run Behavior\BuildLiteBehavior [ RunTime:0.000379s ]
INFO: [ app_init ] --END-- [ RunTime:0.001375s ]

