[ 2016-08-25T09:55:31+08:00 ] ::1 /KOL/index.php/Admin/Natures/updateNatures
INFO: [ app_init ] --START--
INFO: Run Behavior\BuildLiteBehavior [ RunTime:0.000055s ]
INFO: [ app_init ] --END-- [ RunTime:0.001042s ]

[ 2016-08-25T09:58:12+08:00 ] ::1 /KOL/index.php/Admin/InsertKOL/insertKOL
INFO: [ app_init ] --START--
INFO: Run Behavior\BuildLiteBehavior [ RunTime:0.000052s ]
INFO: [ app_init ] --END-- [ RunTime:0.000812s ]

[ 2016-08-25T09:59:24+08:00 ] ::1 /KOL/index.php/Admin/Natures/updateNatures
INFO: [ app_init ] --START--
INFO: Run Behavior\BuildLiteBehavior [ RunTime:0.000052s ]
INFO: [ app_init ] --END-- [ RunTime:0.000870s ]

[ 2016-08-25T10:02:05+08:00 ] ::1 /KOL/index.php/Admin/Natures/updateNatures
INFO: [ app_init ] --START--
INFO: Run Behavior\BuildLiteBehavior [ RunTime:0.000056s ]
INFO: [ app_init ] --END-- [ RunTime:0.001927s ]

[ 2016-08-25T10:02:20+08:00 ] ::1 /KOL/index.php/Admin/Natures/updateNatures
INFO: [ app_init ] --START--
INFO: Run Behavior\BuildLiteBehavior [ RunTime:0.000053s ]
INFO: [ app_init ] --END-- [ RunTime:0.000820s ]

[ 2016-08-25T10:04:14+08:00 ] ::1 /KOL/index.php/Admin/Natures/updateNatures
INFO: [ app_init ] --START--
INFO: Run Behavior\BuildLiteBehavior [ RunTime:0.000053s ]
INFO: [ app_init ] --END-- [ RunTime:0.000858s ]

[ 2016-08-25T10:04:24+08:00 ] ::1 /KOL/index.php/Admin/Natures/updateNatures
INFO: [ app_init ] --START--
INFO: Run Behavior\BuildLiteBehavior [ RunTime:0.000054s ]
INFO: [ app_init ] --END-- [ RunTime:0.000828s ]

[ 2016-08-25T10:07:57+08:00 ] ::1 /KOL/index.php/Admin/Abilitys/updateAbilitys
INFO: [ app_init ] --START--
INFO: Run Behavior\BuildLiteBehavior [ RunTime:0.000053s ]
INFO: [ app_init ] --END-- [ RunTime:0.000837s ]

[ 2016-08-25T10:09:30+08:00 ] ::1 /KOL/index.php/Admin/Sway/insertSway
INFO: [ app_init ] --START--
INFO: Run Behavior\BuildLiteBehavior [ RunTime:0.000062s ]
INFO: [ app_init ] --END-- [ RunTime:0.001829s ]

[ 2016-08-25T10:10:36+08:00 ] ::1 /KOL/index.php/Admin/Sway/insertSway
INFO: [ app_init ] --START--
INFO: Run Behavior\BuildLiteBehavior [ RunTime:0.000054s ]
INFO: [ app_init ] --END-- [ RunTime:0.000900s ]

[ 2016-08-25T10:11:37+08:00 ] ::1 /KOL/index.php/Admin/Sway/insertSway
INFO: [ app_init ] --START--
INFO: Run Behavior\BuildLiteBehavior [ RunTime:0.000056s ]
INFO: [ app_init ] --END-- [ RunTime:0.001030s ]

[ 2016-08-25T10:12:39+08:00 ] ::1 /KOL/index.php/Admin/Sway/insertSway
INFO: [ app_init ] --START--
INFO: Run Behavior\BuildLiteBehavior [ RunTime:0.000053s ]
INFO: [ app_init ] --END-- [ RunTime:0.000816s ]

[ 2016-08-25T10:13:44+08:00 ] ::1 /KOL/index.php/Admin/Sway/insertSway
INFO: [ app_init ] --START--
INFO: Run Behavior\BuildLiteBehavior [ RunTime:0.000052s ]
INFO: [ app_init ] --END-- [ RunTime:0.000816s ]

[ 2016-08-25T10:14:35+08:00 ] ::1 /KOL/index.php/Admin/Sway/insertSway
INFO: [ app_init ] --START--
INFO: Run Behavior\BuildLiteBehavior [ RunTime:0.000051s ]
INFO: [ app_init ] --END-- [ RunTime:0.001028s ]

[ 2016-08-25T10:14:55+08:00 ] ::1 /KOL/index.php/Admin/Sway/insertSway
INFO: [ app_init ] --START--
INFO: Run Behavior\BuildLiteBehavior [ RunTime:0.001033s ]
INFO: [ app_init ] --END-- [ RunTime:0.001844s ]

[ 2016-08-25T10:16:57+08:00 ] ::1 /KOL/index.php/Admin/Sway/insertSway
INFO: [ app_init ] --START--
INFO: Run Behavior\BuildLiteBehavior [ RunTime:0.000054s ]
INFO: [ app_init ] --END-- [ RunTime:0.000897s ]

[ 2016-08-25T10:17:25+08:00 ] ::1 /KOL/index.php/Admin/Sway/insertSway
INFO: [ app_init ] --START--
INFO: Run Behavior\BuildLiteBehavior [ RunTime:0.000053s ]
INFO: [ app_init ] --END-- [ RunTime:0.000841s ]

[ 2016-08-25T10:17:36+08:00 ] ::1 /KOL/index.php/Admin/Sway/insertSway
INFO: [ app_init ] --START--
INFO: Run Behavior\BuildLiteBehavior [ RunTime:0.000054s ]
INFO: [ app_init ] --END-- [ RunTime:0.000810s ]

[ 2016-08-25T10:19:33+08:00 ] ::1 /KOL/index.php/Admin/Sway/insertSway
INFO: [ app_init ] --START--
INFO: Run Behavior\BuildLiteBehavior [ RunTime:0.000070s ]
INFO: [ app_init ] --END-- [ RunTime:0.002037s ]

[ 2016-08-25T10:21:45+08:00 ] ::1 /KOL/index.php/Admin/Sway/updateSway
INFO: [ app_init ] --START--
INFO: Run Behavior\BuildLiteBehavior [ RunTime:0.000052s ]
INFO: [ app_init ] --END-- [ RunTime:0.000836s ]

[ 2016-08-25T10:21:52+08:00 ] ::1 /KOL/index.php/Admin/Sway/updateSway
INFO: [ app_init ] --START--
INFO: Run Behavior\BuildLiteBehavior [ RunTime:0.000078s ]
INFO: [ app_init ] --END-- [ RunTime:0.000847s ]

[ 2016-08-25T10:22:11+08:00 ] ::1 /KOL/index.php/Admin/Sway/updateSway
INFO: [ app_init ] --START--
INFO: Run Behavior\BuildLiteBehavior [ RunTime:0.000053s ]
INFO: [ app_init ] --END-- [ RunTime:0.000856s ]

[ 2016-08-25T10:23:50+08:00 ] ::1 /KOL/index.php/Admin/Sway/deleteSway
INFO: [ app_init ] --START--
INFO: Run Behavior\BuildLiteBehavior [ RunTime:0.000052s ]
INFO: [ app_init ] --END-- [ RunTime:0.000839s ]

[ 2016-08-25T10:28:18+08:00 ] ::1 /KOL/index.php/Admin/Sway/getSwayList
INFO: [ app_init ] --START--
INFO: Run Behavior\BuildLiteBehavior [ RunTime:0.000052s ]
INFO: [ app_init ] --END-- [ RunTime:0.000871s ]

[ 2016-08-25T10:34:10+08:00 ] ::1 /KOL/index.php/Admin/SpecialDay/updateSpecialInfo
INFO: [ app_init ] --START--
INFO: Run Behavior\BuildLiteBehavior [ RunTime:0.000051s ]
INFO: [ app_init ] --END-- [ RunTime:0.000815s ]

[ 2016-08-25T10:42:47+08:00 ] ::1 /KOL/index.php/Admin/SpecialDay/insertSpecialday
INFO: [ app_init ] --START--
INFO: Run Behavior\BuildLiteBehavior [ RunTime:0.000052s ]
INFO: [ app_init ] --END-- [ RunTime:0.000898s ]

[ 2016-08-25T10:43:30+08:00 ] ::1 /KOL/index.php/Admin/SpecialDay/insertSpecialday
INFO: [ app_init ] --START--
INFO: Run Behavior\BuildLiteBehavior [ RunTime:0.000052s ]
INFO: [ app_init ] --END-- [ RunTime:0.000820s ]

[ 2016-08-25T10:44:19+08:00 ] ::1 /KOL/index.php/Admin/SpecialDay/insertSpecialday
INFO: [ app_init ] --START--
INFO: Run Behavior\BuildLiteBehavior [ RunTime:0.000050s ]
INFO: [ app_init ] --END-- [ RunTime:0.000824s ]

[ 2016-08-25T10:44:57+08:00 ] ::1 /KOL/index.php/Admin/SpecialDay/insertSpecialday
INFO: [ app_init ] --START--
INFO: Run Behavior\BuildLiteBehavior [ RunTime:0.000055s ]
INFO: [ app_init ] --END-- [ RunTime:0.001776s ]

[ 2016-08-25T10:44:59+08:00 ] ::1 /KOL/index.php/Admin/SpecialDay/insertSpecialday
INFO: [ app_init ] --START--
INFO: Run Behavior\BuildLiteBehavior [ RunTime:0.000051s ]
INFO: [ app_init ] --END-- [ RunTime:0.000829s ]

[ 2016-08-25T10:45:00+08:00 ] ::1 /KOL/index.php/Admin/SpecialDay/insertSpecialday
INFO: [ app_init ] --START--
INFO: Run Behavior\BuildLiteBehavior [ RunTime:0.000054s ]
INFO: [ app_init ] --END-- [ RunTime:0.000851s ]

[ 2016-08-25T10:45:00+08:00 ] ::1 /KOL/index.php/Admin/SpecialDay/insertSpecialday
INFO: [ app_init ] --START--
INFO: Run Behavior\BuildLiteBehavior [ RunTime:0.000053s ]
INFO: [ app_init ] --END-- [ RunTime:0.000803s ]

[ 2016-08-25T10:45:00+08:00 ] ::1 /KOL/index.php/Admin/SpecialDay/insertSpecialday
INFO: [ app_init ] --START--
INFO: Run Behavior\BuildLiteBehavior [ RunTime:0.000053s ]
INFO: [ app_init ] --END-- [ RunTime:0.000866s ]

[ 2016-08-25T10:46:51+08:00 ] ::1 /KOL/index.php/Admin/SpecialDay/insertSpecialday
INFO: [ app_init ] --START--
INFO: Run Behavior\BuildLiteBehavior [ RunTime:0.000092s ]
INFO: [ app_init ] --END-- [ RunTime:0.001017s ]

[ 2016-08-25T10:47:38+08:00 ] ::1 /KOL/index.php/Admin/SpecialDay/insertSpecialday
INFO: [ app_init ] --START--
INFO: Run Behavior\BuildLiteBehavior [ RunTime:0.000052s ]
INFO: [ app_init ] --END-- [ RunTime:0.001690s ]

[ 2016-08-25T10:47:56+08:00 ] ::1 /KOL/index.php/Admin/SpecialDay/insertSpecialday
INFO: [ app_init ] --START--
INFO: Run Behavior\BuildLiteBehavior [ RunTime:0.000054s ]
INFO: [ app_init ] --END-- [ RunTime:0.000898s ]

[ 2016-08-25T10:48:08+08:00 ] ::1 /KOL/index.php/Admin/SpecialDay/insertSpecialday
INFO: [ app_init ] --START--
INFO: Run Behavior\BuildLiteBehavior [ RunTime:0.000051s ]
INFO: [ app_init ] --END-- [ RunTime:0.001114s ]

[ 2016-08-25T10:48:19+08:00 ] ::1 /KOL/index.php/Admin/SpecialDay/insertSpecialday
INFO: [ app_init ] --START--
INFO: Run Behavior\BuildLiteBehavior [ RunTime:0.000052s ]
INFO: [ app_init ] --END-- [ RunTime:0.000905s ]

[ 2016-08-25T10:49:14+08:00 ] ::1 /KOL/index.php/Admin/SpecialDay/insertSpecialday
INFO: [ app_init ] --START--
INFO: Run Behavior\BuildLiteBehavior [ RunTime:0.000058s ]
INFO: [ app_init ] --END-- [ RunTime:0.001713s ]

[ 2016-08-25T10:51:58+08:00 ] ::1 /KOL/index.php/Admin/SpecialDay/insertSpecialday
INFO: [ app_init ] --START--
INFO: Run Behavior\BuildLiteBehavior [ RunTime:0.000050s ]
INFO: [ app_init ] --END-- [ RunTime:0.000816s ]

[ 2016-08-25T10:53:08+08:00 ] ::1 /KOL/index.php/Admin/SpecialDay/deleteSpecialDay
INFO: [ app_init ] --START--
INFO: Run Behavior\BuildLiteBehavior [ RunTime:0.000054s ]
INFO: [ app_init ] --END-- [ RunTime:0.001030s ]

[ 2016-08-25T10:55:11+08:00 ] ::1 /KOL/index.php/Admin/SpecialDay/insertSpecialday
INFO: [ app_init ] --START--
INFO: Run Behavior\BuildLiteBehavior [ RunTime:0.000052s ]
INFO: [ app_init ] --END-- [ RunTime:0.000804s ]

[ 2016-08-25T10:55:36+08:00 ] ::1 /KOL/index.php/Admin/SpecialDay/insertSpecialday
INFO: [ app_init ] --START--
INFO: Run Behavior\BuildLiteBehavior [ RunTime:0.000052s ]
INFO: [ app_init ] --END-- [ RunTime:0.000809s ]

[ 2016-08-25T10:58:13+08:00 ] ::1 /KOL/index.php/Admin/SpecialDay/insertSpecialday
INFO: [ app_init ] --START--
INFO: Run Behavior\BuildLiteBehavior [ RunTime:0.000052s ]
INFO: [ app_init ] --END-- [ RunTime:0.000827s ]

[ 2016-08-25T10:58:23+08:00 ] ::1 /KOL/index.php/Admin/SpecialDay/getSpecialDay
INFO: [ app_init ] --START--
INFO: Run Behavior\BuildLiteBehavior [ RunTime:0.000053s ]
INFO: [ app_init ] --END-- [ RunTime:0.000873s ]

[ 2016-08-25T11:11:08+08:00 ] ::1 /KOL/index.php/Admin/SpecialDay/getRankList
INFO: [ app_init ] --START--
INFO: Run Behavior\BuildLiteBehavior [ RunTime:0.000054s ]
INFO: [ app_init ] --END-- [ RunTime:0.000821s ]

[ 2016-08-25T11:14:21+08:00 ] ::1 /KOL/index.php/Admin/SpecialDay/getdyeList
INFO: [ app_init ] --START--
INFO: Run Behavior\BuildLiteBehavior [ RunTime:0.000053s ]
INFO: [ app_init ] --END-- [ RunTime:0.000871s ]

[ 2016-08-25T11:19:02+08:00 ] ::1 /KOL/index.php/Admin/Turna/insertTurna
INFO: [ app_init ] --START--
INFO: Run Behavior\BuildLiteBehavior [ RunTime:0.000053s ]
INFO: [ app_init ] --END-- [ RunTime:0.000860s ]

[ 2016-08-25T11:19:21+08:00 ] ::1 /KOL/index.php/Admin/Turna/insertTurna
INFO: [ app_init ] --START--
INFO: Run Behavior\BuildLiteBehavior [ RunTime:0.000052s ]
INFO: [ app_init ] --END-- [ RunTime:0.000836s ]

[ 2016-08-25T11:26:03+08:00 ] ::1 /KOL/index.php/Admin/Turna/updateTurna
INFO: [ app_init ] --START--
INFO: Run Behavior\BuildLiteBehavior [ RunTime:0.000053s ]
INFO: [ app_init ] --END-- [ RunTime:0.000872s ]

[ 2016-08-25T11:26:45+08:00 ] ::1 /KOL/index.php/Admin/Turna/updateTurna
INFO: [ app_init ] --START--
INFO: Run Behavior\BuildLiteBehavior [ RunTime:0.000057s ]
INFO: [ app_init ] --END-- [ RunTime:0.000826s ]

[ 2016-08-25T11:26:53+08:00 ] ::1 /KOL/index.php/Admin/Turna/updateTurna
INFO: [ app_init ] --START--
INFO: Run Behavior\BuildLiteBehavior [ RunTime:0.000054s ]
INFO: [ app_init ] --END-- [ RunTime:0.000810s ]

[ 2016-08-25T11:27:02+08:00 ] ::1 /KOL/index.php/Admin/Turna/updateTurna
INFO: [ app_init ] --START--
INFO: Run Behavior\BuildLiteBehavior [ RunTime:0.000053s ]
INFO: [ app_init ] --END-- [ RunTime:0.000823s ]

[ 2016-08-25T11:27:34+08:00 ] ::1 /KOL/index.php/Admin/Turna/updateTurna
INFO: [ app_init ] --START--
INFO: Run Behavior\BuildLiteBehavior [ RunTime:0.000052s ]
INFO: [ app_init ] --END-- [ RunTime:0.000824s ]

[ 2016-08-25T11:28:56+08:00 ] ::1 /KOL/index.php/Admin/Turna/updateTurna
INFO: [ app_init ] --START--
INFO: Run Behavior\BuildLiteBehavior [ RunTime:0.000053s ]
INFO: [ app_init ] --END-- [ RunTime:0.000829s ]

[ 2016-08-25T11:31:42+08:00 ] ::1 /KOL/index.php/Admin/Turna/deleteTurna
INFO: [ app_init ] --START--
INFO: Run Behavior\BuildLiteBehavior [ RunTime:0.000054s ]
INFO: [ app_init ] --END-- [ RunTime:0.000853s ]

[ 2016-08-25T12:10:53+08:00 ] ::1 /KOL/index.php/Admin/Turna/insertLabel
INFO: [ app_init ] --START--
INFO: Run Behavior\BuildLiteBehavior [ RunTime:0.000055s ]
INFO: [ app_init ] --END-- [ RunTime:0.000930s ]
ERR: 1146:Table 'kol_redmanage.db_label' doesn't exist
 [ SQL语句 ] : SHOW COLUMNS FROM `db_label`

[ 2016-08-25T12:11:41+08:00 ] ::1 /KOL/index.php/Admin/Turna/insertLabel
INFO: [ app_init ] --START--
INFO: Run Behavior\BuildLiteBehavior [ RunTime:0.000054s ]
INFO: [ app_init ] --END-- [ RunTime:0.000827s ]

[ 2016-08-25T12:13:32+08:00 ] ::1 /KOL/index.php/Admin/Turna/searchLabel
INFO: [ app_init ] --START--
INFO: Run Behavior\BuildLiteBehavior [ RunTime:0.000051s ]
INFO: [ app_init ] --END-- [ RunTime:0.000832s ]
ERR: 1146:Table 'kol_redmanage.db_label' doesn't exist
 [ SQL语句 ] : SHOW COLUMNS FROM `db_label`

[ 2016-08-25T12:14:06+08:00 ] ::1 /KOL/index.php/Admin/Turna/searchLabel
INFO: [ app_init ] --START--
INFO: Run Behavior\BuildLiteBehavior [ RunTime:0.000053s ]
INFO: [ app_init ] --END-- [ RunTime:0.000842s ]

[ 2016-08-25T12:18:33+08:00 ] ::1 /KOL/index.php/Admin/Turna/getLabelList
INFO: [ app_init ] --START--
INFO: Run Behavior\BuildLiteBehavior [ RunTime:0.000052s ]
INFO: [ app_init ] --END-- [ RunTime:0.000814s ]
ERR: 1146:Table 'kol_redmanage.db_label' doesn't exist
 [ SQL语句 ] : SHOW COLUMNS FROM `db_label`

[ 2016-08-25T12:18:45+08:00 ] ::1 /KOL/index.php/Admin/Turna/getLabelList
INFO: [ app_init ] --START--
INFO: Run Behavior\BuildLiteBehavior [ RunTime:0.000052s ]
INFO: [ app_init ] --END-- [ RunTime:0.000838s ]

[ 2016-08-25T12:30:56+08:00 ] ::1 /KOL/index.php/Admin/SpecialDay/notifySpecialDay
INFO: [ app_init ] --START--
INFO: Run Behavior\BuildLiteBehavior [ RunTime:0.000053s ]
INFO: [ app_init ] --END-- [ RunTime:0.000835s ]

[ 2016-08-25T12:32:00+08:00 ] ::1 /KOL/index.php/Admin/SpecialDay/notifyBirthDay
INFO: [ app_init ] --START--
INFO: Run Behavior\BuildLiteBehavior [ RunTime:0.000055s ]
INFO: [ app_init ] --END-- [ RunTime:0.000813s ]

[ 2016-08-25T12:34:30+08:00 ] ::1 /KOL/index.php/Admin/SpecialDay/notifySpecialDay
INFO: [ app_init ] --START--
INFO: Run Behavior\BuildLiteBehavior [ RunTime:0.000050s ]
INFO: [ app_init ] --END-- [ RunTime:0.000848s ]

[ 2016-08-25T12:59:23+08:00 ] ::1 /KOL/index.php/Admin/SpecialDay/notifyBirthDay
INFO: [ app_init ] --START--
INFO: Run Behavior\BuildLiteBehavior [ RunTime:0.000051s ]
INFO: [ app_init ] --END-- [ RunTime:0.000821s ]

