[ 2016-08-22T10:13:51+08:00 ] ::1 /KOL/index.php/Admin/Reduser/insertRedKOL
INFO: [ app_init ] --START--
INFO: Run Behavior\BuildLiteBehavior [ RunTime:0.000061s ]
INFO: [ app_init ] --END-- [ RunTime:0.002156s ]
ERR: 1452:Cannot add or update a child row: a foreign key constraint fails (`kol_redmanage`.`db_reduser`, CONSTRAINT `db_reduser_ibfk_4` FOREIGN KEY (`c_id`) REFERENCES `db_cities` (`id`) ON DELETE NO ACTION ON UPDATE CASCADE)
 [ SQL语句 ] : INSERT INTO `db_reduser` (`name`,`c_id`,`sex`,`age`,`username`,`tel`,`email`,`address`,`s_id`,`remark`,`brands`) VALUES ('aaa','601','0','80后','千瓦','15706844580','969128101@qq.com','按时打算','8','是V公司的风格是','4')

[ 2016-08-22T10:24:48+08:00 ] ::1 /KOL/index.php/Admin/Reduser/insertRedKOL
INFO: [ app_init ] --START--
INFO: Run Behavior\BuildLiteBehavior [ RunTime:0.000052s ]
INFO: [ app_init ] --END-- [ RunTime:0.000931s ]

[ 2016-08-22T10:28:41+08:00 ] ::1 /KOL/index.php/Admin/Reduser/insertRedKOL
INFO: [ app_init ] --START--
INFO: Run Behavior\BuildLiteBehavior [ RunTime:0.000051s ]
INFO: [ app_init ] --END-- [ RunTime:0.000809s ]

[ 2016-08-22T10:39:52+08:00 ] ::1 /KOL/index.php/Admin/Reduser/insertRedKOL
INFO: [ app_init ] --START--
INFO: Run Behavior\BuildLiteBehavior [ RunTime:0.000050s ]
INFO: [ app_init ] --END-- [ RunTime:0.000838s ]

[ 2016-08-22T10:40:13+08:00 ] ::1 /KOL/index.php/Admin/Reduser/insertRedKOL
INFO: [ app_init ] --START--
INFO: Run Behavior\BuildLiteBehavior [ RunTime:0.000051s ]
INFO: [ app_init ] --END-- [ RunTime:0.000747s ]

[ 2016-08-22T10:40:49+08:00 ] ::1 /KOL/index.php/Admin/Reduser/insertRedKOL
INFO: [ app_init ] --START--
INFO: Run Behavior\BuildLiteBehavior [ RunTime:0.000087s ]
INFO: [ app_init ] --END-- [ RunTime:0.001671s ]

[ 2016-08-22T10:42:39+08:00 ] ::1 /KOL/index.php/Admin/Reduser/insertRedKOL
INFO: [ app_init ] --START--
INFO: Run Behavior\BuildLiteBehavior [ RunTime:0.000058s ]
INFO: [ app_init ] --END-- [ RunTime:0.001008s ]

[ 2016-08-22T10:43:50+08:00 ] ::1 /KOL/index.php/Admin/Reduser/insertRedKOL
INFO: [ app_init ] --START--
INFO: Run Behavior\BuildLiteBehavior [ RunTime:0.000051s ]
INFO: [ app_init ] --END-- [ RunTime:0.000756s ]

[ 2016-08-22T10:48:10+08:00 ] ::1 /KOL/index.php/Admin/Reduser/insertRedKOL
INFO: [ app_init ] --START--
INFO: Run Behavior\BuildLiteBehavior [ RunTime:0.000052s ]
INFO: [ app_init ] --END-- [ RunTime:0.000821s ]

[ 2016-08-22T10:49:02+08:00 ] ::1 /KOL/index.php/Admin/Reduser/insertRedKOL
INFO: [ app_init ] --START--
INFO: Run Behavior\BuildLiteBehavior [ RunTime:0.000052s ]
INFO: [ app_init ] --END-- [ RunTime:0.000780s ]

[ 2016-08-22T10:52:19+08:00 ] ::1 /KOL/index.php/Admin/Reduser/insertRedKOL
INFO: [ app_init ] --START--
INFO: Run Behavior\BuildLiteBehavior [ RunTime:0.000051s ]
INFO: [ app_init ] --END-- [ RunTime:0.000836s ]

[ 2016-08-22T10:52:32+08:00 ] ::1 /KOL/index.php/Admin/Reduser/insertRedKOL
INFO: [ app_init ] --START--
INFO: Run Behavior\BuildLiteBehavior [ RunTime:0.000050s ]
INFO: [ app_init ] --END-- [ RunTime:0.000740s ]

[ 2016-08-22T10:52:57+08:00 ] ::1 /KOL/index.php/Admin/Reduser/insertRedKOL
INFO: [ app_init ] --START--
INFO: Run Behavior\BuildLiteBehavior [ RunTime:0.000051s ]
INFO: [ app_init ] --END-- [ RunTime:0.000777s ]

[ 2016-08-22T10:54:18+08:00 ] ::1 /KOL/index.php/Admin/Reduser/insertRedKOL
INFO: [ app_init ] --START--
INFO: Run Behavior\BuildLiteBehavior [ RunTime:0.000051s ]
INFO: [ app_init ] --END-- [ RunTime:0.000746s ]

[ 2016-08-22T10:54:38+08:00 ] ::1 /KOL/index.php/Admin/Reduser/insertRedKOL
INFO: [ app_init ] --START--
INFO: Run Behavior\BuildLiteBehavior [ RunTime:0.000052s ]
INFO: [ app_init ] --END-- [ RunTime:0.000879s ]

[ 2016-08-22T10:55:37+08:00 ] ::1 /KOL/index.php/Admin/Reduser/insertRedKOL
INFO: [ app_init ] --START--
INFO: Run Behavior\BuildLiteBehavior [ RunTime:0.000050s ]
INFO: [ app_init ] --END-- [ RunTime:0.000742s ]

[ 2016-08-22T10:56:32+08:00 ] ::1 /KOL/index.php/Admin/Reduser/insertRedKOL
INFO: [ app_init ] --START--
INFO: Run Behavior\BuildLiteBehavior [ RunTime:0.000050s ]
INFO: [ app_init ] --END-- [ RunTime:0.000781s ]

[ 2016-08-22T10:56:42+08:00 ] ::1 /KOL/index.php/Admin/Reduser/insertRedKOL
INFO: [ app_init ] --START--
INFO: Run Behavior\BuildLiteBehavior [ RunTime:0.000052s ]
INFO: [ app_init ] --END-- [ RunTime:0.000798s ]

[ 2016-08-22T10:56:52+08:00 ] ::1 /KOL/index.php/Admin/Reduser/insertRedKOL
INFO: [ app_init ] --START--
INFO: Run Behavior\BuildLiteBehavior [ RunTime:0.000051s ]
INFO: [ app_init ] --END-- [ RunTime:0.000737s ]

[ 2016-08-22T10:57:57+08:00 ] ::1 /KOL/index.php/Admin/Reduser/insertRedKOL
INFO: [ app_init ] --START--
INFO: Run Behavior\BuildLiteBehavior [ RunTime:0.000051s ]
INFO: [ app_init ] --END-- [ RunTime:0.000736s ]

[ 2016-08-22T11:04:18+08:00 ] ::1 /KOL/index.php/Admin/Reduser/insertRedKOL
INFO: [ app_init ] --START--
INFO: Run Behavior\BuildLiteBehavior [ RunTime:0.000052s ]
INFO: [ app_init ] --END-- [ RunTime:0.000823s ]

[ 2016-08-22T11:05:14+08:00 ] ::1 /KOL/index.php/Admin/Reduser/insertRedKOL
INFO: [ app_init ] --START--
INFO: Run Behavior\BuildLiteBehavior [ RunTime:0.000050s ]
INFO: [ app_init ] --END-- [ RunTime:0.000733s ]

[ 2016-08-22T11:06:49+08:00 ] ::1 /KOL/index.php/Admin/Reduser/insertRedKOL
INFO: [ app_init ] --START--
INFO: Run Behavior\BuildLiteBehavior [ RunTime:0.000050s ]
INFO: [ app_init ] --END-- [ RunTime:0.000801s ]

[ 2016-08-22T11:27:56+08:00 ] ::1 /KOL/index.php/Admin/Reduser/insertRedKOL
INFO: [ app_init ] --START--
INFO: Run Behavior\BuildLiteBehavior [ RunTime:0.000051s ]
INFO: [ app_init ] --END-- [ RunTime:0.000853s ]

[ 2016-08-22T11:31:19+08:00 ] ::1 /KOL/index.php/Admin/Reduser/insertRedKOL
INFO: [ app_init ] --START--
INFO: Run Behavior\BuildLiteBehavior [ RunTime:0.000051s ]
INFO: [ app_init ] --END-- [ RunTime:0.000748s ]

[ 2016-08-22T11:31:44+08:00 ] ::1 /KOL/index.php/Admin/Reduser/insertRedKOL
INFO: [ app_init ] --START--
INFO: Run Behavior\BuildLiteBehavior [ RunTime:0.000051s ]
INFO: [ app_init ] --END-- [ RunTime:0.000797s ]

[ 2016-08-22T11:32:07+08:00 ] ::1 /KOL/index.php/Admin/Reduser/insertRedKOL
INFO: [ app_init ] --START--
INFO: Run Behavior\BuildLiteBehavior [ RunTime:0.000060s ]
INFO: [ app_init ] --END-- [ RunTime:0.001424s ]

[ 2016-08-22T12:35:42+08:00 ] ::1 /KOL/index.php/Admin/Reduser/insertRedKOL
INFO: [ app_init ] --START--
INFO: Run Behavior\BuildLiteBehavior [ RunTime:0.000050s ]
INFO: [ app_init ] --END-- [ RunTime:0.000799s ]

[ 2016-08-22T12:56:15+08:00 ] ::1 /KOL/index.php/Admin/Reduser/insertRedKOL
INFO: [ app_init ] --START--
INFO: Run Behavior\BuildLiteBehavior [ RunTime:0.000050s ]
INFO: [ app_init ] --END-- [ RunTime:0.000806s ]

[ 2016-08-22T12:56:59+08:00 ] ::1 /KOL/index.php/Admin/Reduser/updateRedKOL
INFO: [ app_init ] --START--
INFO: Run Behavior\BuildLiteBehavior [ RunTime:0.000050s ]
INFO: [ app_init ] --END-- [ RunTime:0.001606s ]

[ 2016-08-22T12:58:02+08:00 ] ::1 /KOL/index.php/Admin/Reduser/updateRedKOL
INFO: [ app_init ] --START--
INFO: Run Behavior\BuildLiteBehavior [ RunTime:0.000052s ]
INFO: [ app_init ] --END-- [ RunTime:0.000775s ]

[ 2016-08-22T12:59:07+08:00 ] ::1 /KOL/index.php/Admin/Reduser/updateRedKOL
INFO: [ app_init ] --START--
INFO: Run Behavior\BuildLiteBehavior [ RunTime:0.000051s ]
INFO: [ app_init ] --END-- [ RunTime:0.000820s ]

[ 2016-08-22T13:00:41+08:00 ] ::1 /KOL/index.php/Admin/Reduser/updateRedKOL
INFO: [ app_init ] --START--
INFO: Run Behavior\BuildLiteBehavior [ RunTime:0.000050s ]
INFO: [ app_init ] --END-- [ RunTime:0.000729s ]

[ 2016-08-22T13:02:53+08:00 ] ::1 /KOL/index.php/Admin/Reduser/updateRedKOL
INFO: [ app_init ] --START--
INFO: Run Behavior\BuildLiteBehavior [ RunTime:0.000055s ]
INFO: [ app_init ] --END-- [ RunTime:0.000838s ]

[ 2016-08-22T13:04:00+08:00 ] ::1 /KOL/index.php/Admin/Reduser/insertRedKOL
INFO: [ app_init ] --START--
INFO: Run Behavior\BuildLiteBehavior [ RunTime:0.000052s ]
INFO: [ app_init ] --END-- [ RunTime:0.000725s ]

[ 2016-08-22T13:04:28+08:00 ] ::1 /KOL/index.php/Admin/Reduser/insertRedKOL
INFO: [ app_init ] --START--
INFO: Run Behavior\BuildLiteBehavior [ RunTime:0.000051s ]
INFO: [ app_init ] --END-- [ RunTime:0.000750s ]

[ 2016-08-22T13:18:29+08:00 ] ::1 /KOL/index.php/Admin/Reduser/insertRedKOL
INFO: [ app_init ] --START--
INFO: Run Behavior\BuildLiteBehavior [ RunTime:0.000050s ]
INFO: [ app_init ] --END-- [ RunTime:0.000822s ]

[ 2016-08-22T13:50:19+08:00 ] ::1 /KOL/index.php/Admin/Reduser/insertRedKOL
INFO: [ app_init ] --START--
INFO: Run Behavior\BuildLiteBehavior [ RunTime:0.000050s ]
INFO: [ app_init ] --END-- [ RunTime:0.000808s ]

[ 2016-08-22T13:54:52+08:00 ] ::1 /KOL/index.php/Admin/Reduser/insertRedKOL
INFO: [ app_init ] --START--
INFO: Run Behavior\BuildLiteBehavior [ RunTime:0.000052s ]
INFO: [ app_init ] --END-- [ RunTime:0.000878s ]
ERR: 1048:Column 'tel' cannot be null
 [ SQL语句 ] : INSERT INTO `db_reduser` (`name`,`c_id`,`sex`,`age`,`username`,`tel`,`email`,`address`,`s_id`,`remark`,`brands`,`sur_name`,`en_name`) VALUES ('我杜哥一生只是钱多',NULL,'0','',NULL,NULL,NULL,NULL,NULL,NULL,NULL,'我','W')

[ 2016-08-22T14:00:16+08:00 ] ::1 /KOL/index.php/Admin/Reduser/insertRedKOL
INFO: [ app_init ] --START--
INFO: Run Behavior\BuildLiteBehavior [ RunTime:0.000096s ]
INFO: [ app_init ] --END-- [ RunTime:0.000875s ]
ERR: 1048:Column 'tel' cannot be null
 [ SQL语句 ] : INSERT INTO `db_reduser` (`name`,`c_id`,`sex`,`age`,`username`,`tel`,`email`,`address`,`s_id`,`remark`,`brands`,`sur_name`,`en_name`) VALUES ('我杜哥一生只是钱多',NULL,'0','',NULL,NULL,NULL,NULL,NULL,NULL,NULL,'我','W')

[ 2016-08-22T14:06:51+08:00 ] ::1 /KOL/index.php/Admin/Reduser/insertRedKOL
INFO: [ app_init ] --START--
INFO: Run Behavior\BuildLiteBehavior [ RunTime:0.000051s ]
INFO: [ app_init ] --END-- [ RunTime:0.000806s ]
ERR: 1048:Column 'tel' cannot be null
 [ SQL语句 ] : INSERT INTO `db_reduser` (`name`,`c_id`,`sex`,`age`,`username`,`tel`,`email`,`address`,`s_id`,`remark`,`brands`,`sur_name`,`en_name`) VALUES ('我杜哥一生只是钱多',NULL,'0','',NULL,NULL,NULL,NULL,NULL,NULL,NULL,'我','W')

[ 2016-08-22T14:07:08+08:00 ] ::1 /KOL/index.php/Admin/Reduser/insertRedKOL
INFO: [ app_init ] --START--
INFO: Run Behavior\BuildLiteBehavior [ RunTime:0.000131s ]
INFO: [ app_init ] --END-- [ RunTime:0.000820s ]
ERR: 1048:Column 'tel' cannot be null
 [ SQL语句 ] : INSERT INTO `db_reduser` (`name`,`c_id`,`sex`,`age`,`username`,`tel`,`email`,`address`,`s_id`,`remark`,`brands`,`sur_name`,`en_name`) VALUES ('我杜哥一生只是钱多',NULL,'0','',NULL,NULL,NULL,NULL,NULL,NULL,NULL,'我','W')

[ 2016-08-22T14:17:07+08:00 ] ::1 /KOL/index.php/Admin/Reduser/insertRedKOL
INFO: [ app_init ] --START--
INFO: Run Behavior\BuildLiteBehavior [ RunTime:0.000052s ]
INFO: [ app_init ] --END-- [ RunTime:0.000850s ]
ERR: 1048:Column 'tel' cannot be null
 [ SQL语句 ] : INSERT INTO `db_reduser` (`name`,`c_id`,`sex`,`age`,`username`,`tel`,`email`,`address`,`s_id`,`remark`,`brands`,`sur_name`,`en_name`) VALUES ('我杜哥一生只是钱多',NULL,'0','',NULL,NULL,NULL,NULL,NULL,NULL,NULL,'我','W')

[ 2016-08-22T14:17:35+08:00 ] ::1 /KOL/index.php/Admin/Reduser/insertRedKOL
INFO: [ app_init ] --START--
INFO: Run Behavior\BuildLiteBehavior [ RunTime:0.000050s ]
INFO: [ app_init ] --END-- [ RunTime:0.000731s ]
ERR: 1048:Column 'tel' cannot be null
 [ SQL语句 ] : INSERT INTO `db_reduser` (`name`,`c_id`,`sex`,`age`,`username`,`tel`,`email`,`address`,`s_id`,`remark`,`brands`,`sur_name`,`en_name`) VALUES ('我杜哥一生只是钱多',NULL,'0','',NULL,NULL,NULL,NULL,NULL,NULL,NULL,'我','W')

[ 2016-08-22T14:18:39+08:00 ] ::1 /KOL/index.php/Admin/Reduser/insertRedKOL
INFO: [ app_init ] --START--
INFO: Run Behavior\BuildLiteBehavior [ RunTime:0.000052s ]
INFO: [ app_init ] --END-- [ RunTime:0.000859s ]
ERR: 1048:Column 'tel' cannot be null
 [ SQL语句 ] : INSERT INTO `db_reduser` (`name`,`c_id`,`sex`,`age`,`username`,`tel`,`email`,`address`,`s_id`,`remark`,`brands`,`sur_name`,`en_name`) VALUES ('我杜哥一生只是钱多',NULL,'0','',NULL,NULL,NULL,NULL,NULL,NULL,NULL,'我','W')

[ 2016-08-22T14:20:39+08:00 ] ::1 /KOL/index.php/Admin/Reduser/insertRedKOL
INFO: [ app_init ] --START--
INFO: Run Behavior\BuildLiteBehavior [ RunTime:0.000051s ]
INFO: [ app_init ] --END-- [ RunTime:0.000833s ]
ERR: 1048:Column 'address' cannot be null
 [ SQL语句 ] : INSERT INTO `db_reduser` (`name`,`c_id`,`sex`,`age`,`username`,`tel`,`email`,`address`,`s_id`,`remark`,`brands`,`sur_name`,`en_name`) VALUES ('我杜哥一生只是钱多',NULL,'0','',NULL,'-','-',NULL,NULL,NULL,NULL,'我','W')

[ 2016-08-22T14:21:10+08:00 ] ::1 /KOL/index.php/Admin/Reduser/insertRedKOL
INFO: [ app_init ] --START--
INFO: Run Behavior\BuildLiteBehavior [ RunTime:0.000052s ]
INFO: [ app_init ] --END-- [ RunTime:0.000743s ]
ERR: 1048:Column 'address' cannot be null
 [ SQL语句 ] : INSERT INTO `db_reduser` (`name`,`c_id`,`sex`,`age`,`username`,`tel`,`email`,`address`,`s_id`,`remark`,`brands`,`sur_name`,`en_name`) VALUES ('我杜哥一生只是钱多',NULL,'0','',NULL,'-','-',NULL,NULL,NULL,NULL,'我','W')

[ 2016-08-22T14:23:26+08:00 ] ::1 /KOL/index.php/Admin/Reduser/insertRedKOL
INFO: [ app_init ] --START--
INFO: Run Behavior\BuildLiteBehavior [ RunTime:0.000053s ]
INFO: [ app_init ] --END-- [ RunTime:0.000921s ]

[ 2016-08-22T14:25:22+08:00 ] ::1 /KOL/index.php/Admin/Reduser/insertRedKOL
INFO: [ app_init ] --START--
INFO: Run Behavior\BuildLiteBehavior [ RunTime:0.000049s ]
INFO: [ app_init ] --END-- [ RunTime:0.002955s ]

[ 2016-08-22T14:25:34+08:00 ] ::1 /KOL/index.php/Admin/Reduser/insertRedKOL
INFO: [ app_init ] --START--
INFO: Run Behavior\BuildLiteBehavior [ RunTime:0.000052s ]
INFO: [ app_init ] --END-- [ RunTime:0.000796s ]

[ 2016-08-22T14:33:30+08:00 ] ::1 /KOL/index.php/Admin/Reduser/insertRedKOL
INFO: [ app_init ] --START--
INFO: Run Behavior\BuildLiteBehavior [ RunTime:0.000053s ]
INFO: [ app_init ] --END-- [ RunTime:0.001129s ]

[ 2016-08-22T14:34:31+08:00 ] ::1 /KOL/index.php/Admin/Reduser/insertRedKOL
INFO: [ app_init ] --START--
INFO: Run Behavior\BuildLiteBehavior [ RunTime:0.000428s ]
INFO: [ app_init ] --END-- [ RunTime:0.001136s ]

[ 2016-08-22T14:34:47+08:00 ] ::1 /KOL/index.php/Admin/Reduser/insertRedKOL
INFO: [ app_init ] --START--
INFO: Run Behavior\BuildLiteBehavior [ RunTime:0.000133s ]
INFO: [ app_init ] --END-- [ RunTime:0.001272s ]

[ 2016-08-22T14:36:17+08:00 ] ::1 /KOL/index.php/Admin/Reduser/insertRedKOL
INFO: [ app_init ] --START--
INFO: Run Behavior\BuildLiteBehavior [ RunTime:0.000052s ]
INFO: [ app_init ] --END-- [ RunTime:0.000891s ]

[ 2016-08-22T14:36:51+08:00 ] ::1 /KOL/index.php/Admin/Reduser/insertRedKOL
INFO: [ app_init ] --START--
INFO: Run Behavior\BuildLiteBehavior [ RunTime:0.000062s ]
INFO: [ app_init ] --END-- [ RunTime:0.000842s ]

[ 2016-08-22T14:38:33+08:00 ] ::1 /KOL/index.php/Admin/Reduser/insertRedKOL
INFO: [ app_init ] --START--
INFO: Run Behavior\BuildLiteBehavior [ RunTime:0.000052s ]
INFO: [ app_init ] --END-- [ RunTime:0.000822s ]

[ 2016-08-22T14:39:16+08:00 ] ::1 /KOL/index.php/Admin/Reduser/insertRedKOL
INFO: [ app_init ] --START--
INFO: Run Behavior\BuildLiteBehavior [ RunTime:0.000051s ]
INFO: [ app_init ] --END-- [ RunTime:0.000736s ]

[ 2016-08-22T14:56:01+08:00 ] ::1 /KOL/index.php/Admin/Reduser/insertRedKOL
INFO: [ app_init ] --START--
INFO: Run Behavior\BuildLiteBehavior [ RunTime:0.000050s ]
INFO: [ app_init ] --END-- [ RunTime:0.000735s ]

[ 2016-08-22T14:56:13+08:00 ] ::1 /KOL/index.php/Admin/Reduser/insertRedKOL
INFO: [ app_init ] --START--
INFO: Run Behavior\BuildLiteBehavior [ RunTime:0.000052s ]
INFO: [ app_init ] --END-- [ RunTime:0.000800s ]

[ 2016-08-22T14:58:40+08:00 ] ::1 /KOL/index.php/Admin/Reduser/insertRedKOL
INFO: [ app_init ] --START--
INFO: Run Behavior\BuildLiteBehavior [ RunTime:0.000050s ]
INFO: [ app_init ] --END-- [ RunTime:0.001033s ]

[ 2016-08-22T15:07:42+08:00 ] ::1 /KOL/index.php/Admin/Reduser/insertRedKOL
INFO: [ app_init ] --START--
INFO: Run Behavior\BuildLiteBehavior [ RunTime:0.000050s ]
INFO: [ app_init ] --END-- [ RunTime:0.000815s ]

[ 2016-08-22T15:08:05+08:00 ] ::1 /KOL/index.php/Admin/Reduser/deleteRedKOL
INFO: [ app_init ] --START--
INFO: Run Behavior\BuildLiteBehavior [ RunTime:0.000053s ]
INFO: [ app_init ] --END-- [ RunTime:0.000986s ]

[ 2016-08-22T15:21:56+08:00 ] ::1 /KOL/index.php/Admin/Natures/addNatures
INFO: [ app_init ] --START--
INFO: Run Behavior\BuildLiteBehavior [ RunTime:0.000055s ]
INFO: [ app_init ] --END-- [ RunTime:0.000895s ]

[ 2016-08-22T15:29:39+08:00 ] ::1 /KOL/index.php/Admin/Abilitys/addAbilitys
INFO: [ app_init ] --START--
INFO: Run Behavior\BuildLiteBehavior [ RunTime:0.000050s ]
INFO: [ app_init ] --END-- [ RunTime:0.000833s ]
ERR: Think\Model:addNatures方法不存在！

[ 2016-08-22T15:30:02+08:00 ] ::1 /KOL/index.php/Admin/Abilitys/addAbilitys
INFO: [ app_init ] --START--
INFO: Run Behavior\BuildLiteBehavior [ RunTime:0.000052s ]
INFO: [ app_init ] --END-- [ RunTime:0.001034s ]

[ 2016-08-22T15:44:04+08:00 ] ::1 /KOL/index.php/Admin/Reduser/insertRedKOL
INFO: [ app_init ] --START--
INFO: Run Behavior\BuildLiteBehavior [ RunTime:0.000057s ]
INFO: [ app_init ] --END-- [ RunTime:0.002064s ]

[ 2016-08-22T15:51:47+08:00 ] ::1 /KOL/index.php/Admin/Natures/selectNatures
INFO: [ app_init ] --START--
INFO: Run Behavior\BuildLiteBehavior [ RunTime:0.000051s ]
INFO: [ app_init ] --END-- [ RunTime:0.000834s ]

[ 2016-08-22T15:52:53+08:00 ] ::1 /KOL/index.php/Admin/Natures/selectNatures
INFO: [ app_init ] --START--
INFO: Run Behavior\BuildLiteBehavior [ RunTime:0.000051s ]
INFO: [ app_init ] --END-- [ RunTime:0.000742s ]

[ 2016-08-22T15:54:45+08:00 ] ::1 /KOL/index.php/Admin/Natures/selectNatures
INFO: [ app_init ] --START--
INFO: Run Behavior\BuildLiteBehavior [ RunTime:0.000052s ]
INFO: [ app_init ] --END-- [ RunTime:0.001061s ]

[ 2016-08-22T15:56:08+08:00 ] ::1 /KOL/index.php/Admin/Natures/selectNatures
INFO: [ app_init ] --START--
INFO: Run Behavior\BuildLiteBehavior [ RunTime:0.000051s ]
INFO: [ app_init ] --END-- [ RunTime:0.000729s ]

[ 2016-08-22T15:57:45+08:00 ] ::1 /KOL/index.php/Admin/Natures/selectNatures
INFO: [ app_init ] --START--
INFO: Run Behavior\BuildLiteBehavior [ RunTime:0.000051s ]
INFO: [ app_init ] --END-- [ RunTime:0.000829s ]
ERR: 1064:You have an error in your SQL syntax; check the manual that corresponds to your MySQL server version for the right syntax to use near 'WHERE `name` = '护肤' AND `ruid` = '1602'' at line 1
 [ SQL语句 ] : UPDATE `db_reduser` SET  WHERE `name` = '护肤' AND `ruid` = '1602'

[ 2016-08-22T16:00:00+08:00 ] ::1 /KOL/index.php/Admin/Natures/selectNatures
INFO: [ app_init ] --START--
INFO: Run Behavior\BuildLiteBehavior [ RunTime:0.000055s ]
INFO: [ app_init ] --END-- [ RunTime:0.001099s ]

[ 2016-08-22T16:02:24+08:00 ] ::1 /KOL/index.php/Admin/Natures/selectNatures
INFO: [ app_init ] --START--
INFO: Run Behavior\BuildLiteBehavior [ RunTime:0.000052s ]
INFO: [ app_init ] --END-- [ RunTime:0.000852s ]
ERR: 1064:You have an error in your SQL syntax; check the manual that corresponds to your MySQL server version for the right syntax to use near 'WHERE `ruid` = '1602'' at line 1
 [ SQL语句 ] : UPDATE `db_reduser` SET  WHERE `ruid` = '1602'

[ 2016-08-22T16:02:46+08:00 ] ::1 /KOL/index.php/Admin/Natures/selectNatures
INFO: [ app_init ] --START--
INFO: Run Behavior\BuildLiteBehavior [ RunTime:0.000051s ]
INFO: [ app_init ] --END-- [ RunTime:0.000712s ]

[ 2016-08-22T16:03:12+08:00 ] ::1 /KOL/index.php/Admin/Natures/selectNatures
INFO: [ app_init ] --START--
INFO: Run Behavior\BuildLiteBehavior [ RunTime:0.000050s ]
INFO: [ app_init ] --END-- [ RunTime:0.000756s ]

[ 2016-08-22T16:03:16+08:00 ] ::1 /KOL/index.php/Admin/Natures/selectNatures
INFO: [ app_init ] --START--
INFO: Run Behavior\BuildLiteBehavior [ RunTime:0.000051s ]
INFO: [ app_init ] --END-- [ RunTime:0.000796s ]

[ 2016-08-22T16:05:14+08:00 ] ::1 /KOL/index.php/Admin/Natures/selectNatures
INFO: [ app_init ] --START--
INFO: Run Behavior\BuildLiteBehavior [ RunTime:0.000054s ]
INFO: [ app_init ] --END-- [ RunTime:0.001080s ]

[ 2016-08-22T16:06:17+08:00 ] ::1 /KOL/index.php/Admin/Natures/selectNatures
INFO: [ app_init ] --START--
INFO: Run Behavior\BuildLiteBehavior [ RunTime:0.000052s ]
INFO: [ app_init ] --END-- [ RunTime:0.000777s ]

[ 2016-08-22T16:06:27+08:00 ] ::1 /KOL/index.php/Admin/Natures/selectNatures
INFO: [ app_init ] --START--
INFO: Run Behavior\BuildLiteBehavior [ RunTime:0.000051s ]
INFO: [ app_init ] --END-- [ RunTime:0.000759s ]

[ 2016-08-22T16:13:28+08:00 ] ::1 /KOL/index.php/Admin/Natures/selectNatures
INFO: [ app_init ] --START--
INFO: Run Behavior\BuildLiteBehavior [ RunTime:0.000050s ]
INFO: [ app_init ] --END-- [ RunTime:0.000720s ]

[ 2016-08-22T16:13:57+08:00 ] ::1 /KOL/index.php/Admin/Natures/selectNatures
INFO: [ app_init ] --START--
INFO: Run Behavior\BuildLiteBehavior [ RunTime:0.000052s ]
INFO: [ app_init ] --END-- [ RunTime:0.000745s ]

[ 2016-08-22T16:20:16+08:00 ] ::1 /KOL/index.php/Admin/Natures/selectNatures
INFO: [ app_init ] --START--
INFO: Run Behavior\BuildLiteBehavior [ RunTime:0.000051s ]
INFO: [ app_init ] --END-- [ RunTime:0.000842s ]

[ 2016-08-22T16:21:10+08:00 ] ::1 /KOL/index.php/Admin/Abilitys/selectAbilitys
INFO: [ app_init ] --START--
INFO: Run Behavior\BuildLiteBehavior [ RunTime:0.000051s ]
INFO: [ app_init ] --END-- [ RunTime:0.000782s ]
ERR: Think\Model:selectNatures方法不存在！

[ 2016-08-22T16:21:25+08:00 ] ::1 /KOL/index.php/Admin/Abilitys/selectAbilitys
INFO: [ app_init ] --START--
INFO: Run Behavior\BuildLiteBehavior [ RunTime:0.000051s ]
INFO: [ app_init ] --END-- [ RunTime:0.000740s ]

[ 2016-08-22T16:23:12+08:00 ] ::1 /KOL/index.php/Admin/Abilitys/selectAbilitys
INFO: [ app_init ] --START--
INFO: Run Behavior\BuildLiteBehavior [ RunTime:0.000054s ]
INFO: [ app_init ] --END-- [ RunTime:0.001018s ]

[ 2016-08-22T16:29:07+08:00 ] ::1 /KOL/index.php/Admin/Abilitys/selectAbilitys
INFO: [ app_init ] --START--
INFO: Run Behavior\BuildLiteBehavior [ RunTime:0.000052s ]
INFO: [ app_init ] --END-- [ RunTime:0.000739s ]

[ 2016-08-22T16:35:22+08:00 ] ::1 /KOL/index.php/Admin/Abilitys/selectAbilitys
INFO: [ app_init ] --START--
INFO: Run Behavior\BuildLiteBehavior [ RunTime:0.000052s ]
INFO: [ app_init ] --END-- [ RunTime:0.000832s ]

[ 2016-08-22T16:36:29+08:00 ] ::1 /KOL/index.php/Admin/Natures/selectNatures
INFO: [ app_init ] --START--
INFO: Run Behavior\BuildLiteBehavior [ RunTime:0.000050s ]
INFO: [ app_init ] --END-- [ RunTime:0.000755s ]

[ 2016-08-22T16:37:20+08:00 ] ::1 /KOL/index.php/Admin/Abilitys/selectAbilitys
INFO: [ app_init ] --START--
INFO: Run Behavior\BuildLiteBehavior [ RunTime:0.000052s ]
INFO: [ app_init ] --END-- [ RunTime:0.000770s ]

[ 2016-08-22T16:38:01+08:00 ] ::1 /KOL/index.php/Admin/Abilitys/selectAbilitys
INFO: [ app_init ] --START--
INFO: Run Behavior\BuildLiteBehavior [ RunTime:0.000051s ]
INFO: [ app_init ] --END-- [ RunTime:0.000920s ]

[ 2016-08-22T16:38:55+08:00 ] ::1 /KOL/index.php/Admin/Abilitys/selectAbilitys
INFO: [ app_init ] --START--
INFO: Run Behavior\BuildLiteBehavior [ RunTime:0.000051s ]
INFO: [ app_init ] --END-- [ RunTime:0.000741s ]

[ 2016-08-22T16:40:36+08:00 ] ::1 /KOL/index.php/Admin/Abilitys/selectAbilitys
INFO: [ app_init ] --START--
INFO: Run Behavior\BuildLiteBehavior [ RunTime:0.000051s ]
INFO: [ app_init ] --END-- [ RunTime:0.000812s ]

[ 2016-08-22T16:44:18+08:00 ] ::1 /KOL/index.php/Admin/Abilitys/selectAbilitys
INFO: [ app_init ] --START--
INFO: Run Behavior\BuildLiteBehavior [ RunTime:0.000051s ]
INFO: [ app_init ] --END-- [ RunTime:0.000855s ]

[ 2016-08-22T16:45:11+08:00 ] ::1 /KOL/index.php/Admin/Abilitys/selectAbilitys
INFO: [ app_init ] --START--
INFO: Run Behavior\BuildLiteBehavior [ RunTime:0.000052s ]
INFO: [ app_init ] --END-- [ RunTime:0.000786s ]

[ 2016-08-22T16:59:30+08:00 ] ::1 /KOL/index.php/Admin/Sway/getSway
INFO: [ app_init ] --START--
INFO: Run Behavior\BuildLiteBehavior [ RunTime:0.000051s ]
INFO: [ app_init ] --END-- [ RunTime:0.000847s ]

[ 2016-08-22T16:59:46+08:00 ] ::1 /KOL/index.php/Admin/Sway/getSway
INFO: [ app_init ] --START--
INFO: Run Behavior\BuildLiteBehavior [ RunTime:0.000052s ]
INFO: [ app_init ] --END-- [ RunTime:0.000736s ]

[ 2016-08-22T17:00:09+08:00 ] ::1 /KOL/index.php/Admin/Sway/getSway
INFO: [ app_init ] --START--
INFO: Run Behavior\BuildLiteBehavior [ RunTime:0.000051s ]
INFO: [ app_init ] --END-- [ RunTime:0.000734s ]

[ 2016-08-22T17:04:54+08:00 ] ::1 /KOL/index.php/Admin/Sway/getSway
INFO: [ app_init ] --START--
INFO: Run Behavior\BuildLiteBehavior [ RunTime:0.000051s ]
INFO: [ app_init ] --END-- [ RunTime:0.000864s ]

[ 2016-08-22T17:06:11+08:00 ] ::1 /KOL/index.php/Admin/Sway/getSway
INFO: [ app_init ] --START--
INFO: Run Behavior\BuildLiteBehavior [ RunTime:0.000053s ]
INFO: [ app_init ] --END-- [ RunTime:0.001032s ]

[ 2016-08-22T17:18:38+08:00 ] ::1 /KOL/index.php/Admin/Sway/addSway
INFO: [ app_init ] --START--
INFO: Run Behavior\BuildLiteBehavior [ RunTime:0.000051s ]
INFO: [ app_init ] --END-- [ RunTime:0.002415s ]
ERR: 1048:Column 'ruid' cannot be null
 [ SQL语句 ] : INSERT INTO `db_sway` (`ruid`,`name`,`nick_name`,`url`,`fansnum`,`readnum`,`paction`) VALUES (NULL,NULL,NULL,NULL,NULL,NULL,NULL)

[ 2016-08-22T17:20:46+08:00 ] ::1 /KOL/index.php/Admin/Sway/addSway
INFO: [ app_init ] --START--
INFO: Run Behavior\BuildLiteBehavior [ RunTime:0.000052s ]
INFO: [ app_init ] --END-- [ RunTime:0.001006s ]
ERR: 1048:Column 'ruid' cannot be null
 [ SQL语句 ] : INSERT INTO `db_sway` (`ruid`,`name`,`nick_name`,`url`,`fansnum`,`readnum`,`paction`) VALUES (NULL,NULL,NULL,NULL,NULL,NULL,NULL)

[ 2016-08-22T17:23:43+08:00 ] ::1 /KOL/index.php/Admin/Sway/addSway
INFO: [ app_init ] --START--
INFO: Run Behavior\BuildLiteBehavior [ RunTime:0.000051s ]
INFO: [ app_init ] --END-- [ RunTime:0.000849s ]
ERR: 1048:Column 'ruid' cannot be null
 [ SQL语句 ] : INSERT INTO `db_sway` (`ruid`,`name`,`nick_name`,`url`,`fansnum`,`readnum`,`paction`) VALUES (NULL,NULL,NULL,NULL,NULL,NULL,NULL)

[ 2016-08-22T17:23:53+08:00 ] ::1 /KOL/index.php/Admin/Sway/addSway
INFO: [ app_init ] --START--
INFO: Run Behavior\BuildLiteBehavior [ RunTime:0.000051s ]
INFO: [ app_init ] --END-- [ RunTime:0.000725s ]
ERR: 1048:Column 'ruid' cannot be null
 [ SQL语句 ] : INSERT INTO `db_sway` (`ruid`,`name`,`nick_name`,`url`,`fansnum`,`readnum`,`paction`) VALUES (NULL,NULL,NULL,NULL,NULL,NULL,NULL)

[ 2016-08-22T17:29:29+08:00 ] ::1 /KOL/index.php/Admin/Sway/addSway
INFO: [ app_init ] --START--
INFO: Run Behavior\BuildLiteBehavior [ RunTime:0.000051s ]
INFO: [ app_init ] --END-- [ RunTime:0.000815s ]

