[ 2016-08-24T13:17:14+08:00 ] ::1 /KOL/index.php/Admin/InsertKOL/insertKOL
INFO: [ app_init ] --START--
INFO: Run Behavior\BuildLiteBehavior [ RunTime:0.000052s ]
INFO: [ app_init ] --END-- [ RunTime:0.000824s ]

[ 2016-08-24T13:18:39+08:00 ] ::1 /KOL/index.php/Admin/InsertKOL/insertKOL
INFO: [ app_init ] --START--
INFO: Run Behavior\BuildLiteBehavior [ RunTime:0.000052s ]
INFO: [ app_init ] --END-- [ RunTime:0.001120s ]

[ 2016-08-24T13:19:32+08:00 ] ::1 /KOL/index.php/Admin/InsertKOL/insertKOL
INFO: [ app_init ] --START--
INFO: Run Behavior\BuildLiteBehavior [ RunTime:0.000052s ]
INFO: [ app_init ] --END-- [ RunTime:0.001391s ]

[ 2016-08-24T13:25:51+08:00 ] ::1 /KOL/index.php/Admin/InsertKOL/insertKOL
INFO: [ app_init ] --START--
INFO: Run Behavior\BuildLiteBehavior [ RunTime:0.000051s ]
INFO: [ app_init ] --END-- [ RunTime:0.000795s ]

[ 2016-08-24T13:26:19+08:00 ] ::1 /KOL/index.php/Admin/InsertKOL/insertKOL
INFO: [ app_init ] --START--
INFO: Run Behavior\BuildLiteBehavior [ RunTime:0.000056s ]
INFO: [ app_init ] --END-- [ RunTime:0.000814s ]

[ 2016-08-24T13:26:33+08:00 ] ::1 /KOL/index.php/Admin/InsertKOL/insertKOL
INFO: [ app_init ] --START--
INFO: Run Behavior\BuildLiteBehavior [ RunTime:0.000052s ]
INFO: [ app_init ] --END-- [ RunTime:0.000816s ]

[ 2016-08-24T13:28:20+08:00 ] ::1 /KOL/index.php/Admin/InsertKOL/insertKOL
INFO: [ app_init ] --START--
INFO: Run Behavior\BuildLiteBehavior [ RunTime:0.000053s ]
INFO: [ app_init ] --END-- [ RunTime:0.000829s ]

[ 2016-08-24T13:30:50+08:00 ] ::1 /KOL/index.php/Admin/InsertKOL/insertKOL
INFO: [ app_init ] --START--
INFO: Run Behavior\BuildLiteBehavior [ RunTime:0.000052s ]
INFO: [ app_init ] --END-- [ RunTime:0.000807s ]

[ 2016-08-24T13:44:59+08:00 ] ::1 /KOL/index.php/Admin/InsertKOL/insertKOL
INFO: [ app_init ] --START--
INFO: Run Behavior\BuildLiteBehavior [ RunTime:0.000052s ]
INFO: [ app_init ] --END-- [ RunTime:0.001860s ]

[ 2016-08-24T13:45:28+08:00 ] ::1 /KOL/index.php/Admin/InsertKOL/insertKOL
INFO: [ app_init ] --START--
INFO: Run Behavior\BuildLiteBehavior [ RunTime:0.000054s ]
INFO: [ app_init ] --END-- [ RunTime:0.000814s ]
ERR: 1048:Column 'ruid' cannot be null
 [ SQL语句 ] : INSERT INTO `db_sway` (`ruid`,`name`,`nick_name`,`url`,`fansnum`,`readnum`,`paction`) VALUES (NULL,NULL,'qweq','sdfwerer24523s','7022','110','-')

[ 2016-08-24T13:51:47+08:00 ] ::1 /KOL/index.php/Admin/InsertKOL/insertKOL
INFO: [ app_init ] --START--
INFO: Run Behavior\BuildLiteBehavior [ RunTime:0.000052s ]
INFO: [ app_init ] --END-- [ RunTime:0.000828s ]
ERR: 1048:Column 'name' cannot be null
 [ SQL语句 ] : INSERT INTO `db_turna` (`ruid`,`rtime`,`name`,`url`,`remark`,`l_id`) VALUES ('1617','2010-10-10',NULL,'sdfwerer24523s','7022',NULL)

[ 2016-08-24T13:55:22+08:00 ] ::1 /KOL/index.php/Admin/InsertKOL/insertKOL
INFO: [ app_init ] --START--
INFO: Run Behavior\BuildLiteBehavior [ RunTime:0.000052s ]
INFO: [ app_init ] --END-- [ RunTime:0.001111s ]

[ 2016-08-24T13:56:33+08:00 ] ::1 /KOL/index.php/Admin/InsertKOL/insertKOL
INFO: [ app_init ] --START--
INFO: Run Behavior\BuildLiteBehavior [ RunTime:0.000052s ]
INFO: [ app_init ] --END-- [ RunTime:0.000812s ]

[ 2016-08-24T13:57:57+08:00 ] ::1 /KOL/index.php/Admin/InsertKOL/insertKOL
INFO: [ app_init ] --START--
INFO: Run Behavior\BuildLiteBehavior [ RunTime:0.000086s ]
INFO: [ app_init ] --END-- [ RunTime:0.001119s ]

[ 2016-08-24T13:58:11+08:00 ] ::1 /KOL/index.php/Admin/InsertKOL/insertKOL
INFO: [ app_init ] --START--
INFO: Run Behavior\BuildLiteBehavior [ RunTime:0.000053s ]
INFO: [ app_init ] --END-- [ RunTime:0.001052s ]

[ 2016-08-24T13:59:12+08:00 ] ::1 /KOL/index.php/Admin/InsertKOL/insertKOL
INFO: [ app_init ] --START--
INFO: Run Behavior\BuildLiteBehavior [ RunTime:0.000063s ]
INFO: [ app_init ] --END-- [ RunTime:0.000948s ]

[ 2016-08-24T13:59:42+08:00 ] ::1 /KOL/index.php/Admin/InsertKOL/insertKOL
INFO: [ app_init ] --START--
INFO: Run Behavior\BuildLiteBehavior [ RunTime:0.000051s ]
INFO: [ app_init ] --END-- [ RunTime:0.000863s ]

[ 2016-08-24T14:05:24+08:00 ] ::1 /KOL/index.php/Admin/InsertKOL/insertKOL
INFO: [ app_init ] --START--
INFO: Run Behavior\BuildLiteBehavior [ RunTime:0.000052s ]
INFO: [ app_init ] --END-- [ RunTime:0.000845s ]

[ 2016-08-24T14:05:42+08:00 ] ::1 /KOL/index.php/Admin/InsertKOL/insertKOL
INFO: [ app_init ] --START--
INFO: Run Behavior\BuildLiteBehavior [ RunTime:0.000219s ]
INFO: [ app_init ] --END-- [ RunTime:0.000990s ]

[ 2016-08-24T15:47:02+08:00 ] ::1 /KOL/index.php/Admin/InsertKOL/insertKOL
INFO: [ app_init ] --START--
INFO: Run Behavior\BuildLiteBehavior [ RunTime:0.000052s ]
INFO: [ app_init ] --END-- [ RunTime:0.000910s ]

[ 2016-08-24T15:47:34+08:00 ] ::1 /KOL/index.php/Admin/InsertKOL/insertKOL
INFO: [ app_init ] --START--
INFO: Run Behavior\BuildLiteBehavior [ RunTime:0.000054s ]
INFO: [ app_init ] --END-- [ RunTime:0.002010s ]

[ 2016-08-24T15:48:48+08:00 ] ::1 /KOL/index.php/Admin/InsertKOL/insertKOL
INFO: [ app_init ] --START--
INFO: Run Behavior\BuildLiteBehavior [ RunTime:0.000051s ]
INFO: [ app_init ] --END-- [ RunTime:0.000840s ]

[ 2016-08-24T16:00:38+08:00 ] ::1 /KOL/index.php/Admin/InsertKOL/insertKOL
INFO: [ app_init ] --START--
INFO: Run Behavior\BuildLiteBehavior [ RunTime:0.000051s ]
INFO: [ app_init ] --END-- [ RunTime:0.000826s ]

[ 2016-08-24T16:01:05+08:00 ] ::1 /KOL/index.php/Admin/InsertKOL/insertKOL
INFO: [ app_init ] --START--
INFO: Run Behavior\BuildLiteBehavior [ RunTime:0.000053s ]
INFO: [ app_init ] --END-- [ RunTime:0.000982s ]
ERR: 1452:Cannot add or update a child row: a foreign key constraint fails (`kol_redmanage`.`db_reduser`, CONSTRAINT `db_reduser_ibfk_2` FOREIGN KEY (`rank`) REFERENCES `db_vip` (`id`) ON DELETE SET NULL ON UPDATE CASCADE)
 [ SQL语句 ] : UPDATE `db_reduser` SET `ruid`='1626',`bday`='2010-10-10',`hobbys`='吃饭睡觉打游戏',`dye`='0',`rank`='0' WHERE `ruid` = '1626'

[ 2016-08-24T16:01:49+08:00 ] ::1 /KOL/index.php/Admin/InsertKOL/insertKOL
INFO: [ app_init ] --START--
INFO: Run Behavior\BuildLiteBehavior [ RunTime:0.000051s ]
INFO: [ app_init ] --END-- [ RunTime:0.000814s ]

[ 2016-08-24T16:02:02+08:00 ] ::1 /KOL/index.php/Admin/InsertKOL/insertKOL
INFO: [ app_init ] --START--
INFO: Run Behavior\BuildLiteBehavior [ RunTime:0.000049s ]
INFO: [ app_init ] --END-- [ RunTime:0.000797s ]

[ 2016-08-24T16:09:49+08:00 ] ::1 /KOL/index.php/Admin/InsertKOL/insertKOL
INFO: [ app_init ] --START--
INFO: Run Behavior\BuildLiteBehavior [ RunTime:0.000052s ]
INFO: [ app_init ] --END-- [ RunTime:0.000835s ]

[ 2016-08-24T16:12:32+08:00 ] ::1 /KOL/index.php/Admin/InsertKOL/insertKOL
INFO: [ app_init ] --START--
INFO: Run Behavior\BuildLiteBehavior [ RunTime:0.000051s ]
INFO: [ app_init ] --END-- [ RunTime:0.001107s ]

[ 2016-08-24T16:12:44+08:00 ] ::1 /KOL/index.php/Admin/InsertKOL/insertKOL
INFO: [ app_init ] --START--
INFO: Run Behavior\BuildLiteBehavior [ RunTime:0.000054s ]
INFO: [ app_init ] --END-- [ RunTime:0.000976s ]

[ 2016-08-24T16:15:39+08:00 ] ::1 /KOL/index.php/Admin/InsertKOL/insertKOL
INFO: [ app_init ] --START--
INFO: Run Behavior\BuildLiteBehavior [ RunTime:0.000945s ]
INFO: [ app_init ] --END-- [ RunTime:0.001806s ]

[ 2016-08-24T16:16:07+08:00 ] ::1 /KOL/index.php/Admin/InsertKOL/insertKOL
INFO: [ app_init ] --START--
INFO: Run Behavior\BuildLiteBehavior [ RunTime:0.000051s ]
INFO: [ app_init ] --END-- [ RunTime:0.000793s ]

[ 2016-08-24T16:16:37+08:00 ] ::1 /KOL/index.php/Admin/InsertKOL/insertKOL
INFO: [ app_init ] --START--
INFO: Run Behavior\BuildLiteBehavior [ RunTime:0.000051s ]
INFO: [ app_init ] --END-- [ RunTime:0.000823s ]

[ 2016-08-24T16:16:49+08:00 ] ::1 /KOL/index.php/Admin/InsertKOL/insertKOL
INFO: [ app_init ] --START--
INFO: Run Behavior\BuildLiteBehavior [ RunTime:0.000052s ]
INFO: [ app_init ] --END-- [ RunTime:0.000819s ]

[ 2016-08-24T16:17:19+08:00 ] ::1 /KOL/index.php/Admin/InsertKOL/insertKOL
INFO: [ app_init ] --START--
INFO: Run Behavior\BuildLiteBehavior [ RunTime:0.000053s ]
INFO: [ app_init ] --END-- [ RunTime:0.001072s ]

[ 2016-08-24T16:17:42+08:00 ] ::1 /KOL/index.php/Admin/InsertKOL/insertKOL
INFO: [ app_init ] --START--
INFO: Run Behavior\BuildLiteBehavior [ RunTime:0.000108s ]
INFO: [ app_init ] --END-- [ RunTime:0.000883s ]

[ 2016-08-24T16:23:38+08:00 ] ::1 /KOL/index.php/Admin/Reduser/updateKOL
INFO: [ app_init ] --START--
INFO: Run Behavior\BuildLiteBehavior [ RunTime:0.000052s ]
INFO: [ app_init ] --END-- [ RunTime:0.000843s ]

[ 2016-08-24T16:24:40+08:00 ] ::1 /KOL/index.php/Admin/Reduser/updateKOL
INFO: [ app_init ] --START--
INFO: Run Behavior\BuildLiteBehavior [ RunTime:0.000052s ]
INFO: [ app_init ] --END-- [ RunTime:0.000891s ]

[ 2016-08-24T16:24:54+08:00 ] ::1 /KOL/index.php/Admin/Reduser/updateKOL
INFO: [ app_init ] --START--
INFO: Run Behavior\BuildLiteBehavior [ RunTime:0.000050s ]
INFO: [ app_init ] --END-- [ RunTime:0.000809s ]

[ 2016-08-24T16:25:16+08:00 ] ::1 /KOL/index.php/Admin/Reduser/updateKOL
INFO: [ app_init ] --START--
INFO: Run Behavior\BuildLiteBehavior [ RunTime:0.000052s ]
INFO: [ app_init ] --END-- [ RunTime:0.001122s ]

[ 2016-08-24T16:28:21+08:00 ] ::1 /KOL/index.php/Admin/Reduser/updateKOL
INFO: [ app_init ] --START--
INFO: Run Behavior\BuildLiteBehavior [ RunTime:0.000056s ]
INFO: [ app_init ] --END-- [ RunTime:0.003307s ]

[ 2016-08-24T16:29:21+08:00 ] ::1 /KOL/index.php/Admin/Reduser/updateKOL
INFO: [ app_init ] --START--
INFO: Run Behavior\BuildLiteBehavior [ RunTime:0.000051s ]
INFO: [ app_init ] --END-- [ RunTime:0.000866s ]

[ 2016-08-24T16:31:43+08:00 ] ::1 /KOL/index.php/Admin/Reduser/updateKOL
INFO: [ app_init ] --START--
INFO: Run Behavior\BuildLiteBehavior [ RunTime:0.000052s ]
INFO: [ app_init ] --END-- [ RunTime:0.000853s ]

[ 2016-08-24T16:32:16+08:00 ] ::1 /KOL/index.php/Admin/Reduser/updateKOL
INFO: [ app_init ] --START--
INFO: Run Behavior\BuildLiteBehavior [ RunTime:0.000051s ]
INFO: [ app_init ] --END-- [ RunTime:0.000821s ]

[ 2016-08-24T16:35:26+08:00 ] ::1 /KOL/index.php/Admin/Reduser/updateKOL
INFO: [ app_init ] --START--
INFO: Run Behavior\BuildLiteBehavior [ RunTime:0.000053s ]
INFO: [ app_init ] --END-- [ RunTime:0.000856s ]

[ 2016-08-24T16:36:32+08:00 ] ::1 /KOL/index.php/Admin/Reduser/updateKOL
INFO: [ app_init ] --START--
INFO: Run Behavior\BuildLiteBehavior [ RunTime:0.000051s ]
INFO: [ app_init ] --END-- [ RunTime:0.000799s ]

[ 2016-08-24T16:37:27+08:00 ] ::1 /KOL/index.php/Admin/Reduser/updateKOL
INFO: [ app_init ] --START--
INFO: Run Behavior\BuildLiteBehavior [ RunTime:0.000052s ]
INFO: [ app_init ] --END-- [ RunTime:0.000810s ]

[ 2016-08-24T16:39:28+08:00 ] ::1 /KOL/index.php/Admin/Natures/insertNatures
INFO: [ app_init ] --START--
INFO: Run Behavior\BuildLiteBehavior [ RunTime:0.000052s ]
INFO: [ app_init ] --END-- [ RunTime:0.000818s ]

[ 2016-08-24T16:46:42+08:00 ] ::1 /KOL/index.php/Admin/Abilitys/insertAbilitys
INFO: [ app_init ] --START--
INFO: Run Behavior\BuildLiteBehavior [ RunTime:0.000052s ]
INFO: [ app_init ] --END-- [ RunTime:0.001081s ]

[ 2016-08-24T16:50:32+08:00 ] ::1 /KOL/index.php/Admin/Natures/updateNatures
INFO: [ app_init ] --START--
INFO: Run Behavior\BuildLiteBehavior [ RunTime:0.000052s ]
INFO: [ app_init ] --END-- [ RunTime:0.000819s ]

[ 2016-08-24T16:51:42+08:00 ] ::1 /KOL/index.php/Admin/Natures/updateNatures
INFO: [ app_init ] --START--
INFO: Run Behavior\BuildLiteBehavior [ RunTime:0.000051s ]
INFO: [ app_init ] --END-- [ RunTime:0.000876s ]

[ 2016-08-24T16:52:22+08:00 ] ::1 /KOL/index.php/Admin/Natures/updateNatures
INFO: [ app_init ] --START--
INFO: Run Behavior\BuildLiteBehavior [ RunTime:0.000054s ]
INFO: [ app_init ] --END-- [ RunTime:0.000929s ]

[ 2016-08-24T16:55:32+08:00 ] ::1 /KOL/index.php/Admin/Natures/updateNatures
INFO: [ app_init ] --START--
INFO: Run Behavior\BuildLiteBehavior [ RunTime:0.000051s ]
INFO: [ app_init ] --END-- [ RunTime:0.000825s ]

[ 2016-08-24T16:55:42+08:00 ] ::1 /KOL/index.php/Admin/Natures/updateNatures
INFO: [ app_init ] --START--
INFO: Run Behavior\BuildLiteBehavior [ RunTime:0.000056s ]
INFO: [ app_init ] --END-- [ RunTime:0.000854s ]

[ 2016-08-24T16:56:34+08:00 ] ::1 /KOL/index.php/Admin/Natures/updateNatures
INFO: [ app_init ] --START--
INFO: Run Behavior\BuildLiteBehavior [ RunTime:0.000193s ]
INFO: [ app_init ] --END-- [ RunTime:0.000963s ]

[ 2016-08-24T16:57:18+08:00 ] ::1 /KOL/index.php/Admin/Natures/updateNatures
INFO: [ app_init ] --START--
INFO: Run Behavior\BuildLiteBehavior [ RunTime:0.000052s ]
INFO: [ app_init ] --END-- [ RunTime:0.000802s ]

[ 2016-08-24T17:02:15+08:00 ] ::1 /KOL/index.php/Admin/Abillitys/updateAbilitys
INFO: [ app_init ] --START--
INFO: Run Behavior\BuildLiteBehavior [ RunTime:0.000062s ]
INFO: [ app_init ] --END-- [ RunTime:0.000847s ]
ERR: 无法加载控制器:Abillitys

[ 2016-08-24T17:02:27+08:00 ] ::1 /KOL/index.php/Admin/Abilitys/updateAbilitys
INFO: [ app_init ] --START--
INFO: Run Behavior\BuildLiteBehavior [ RunTime:0.000053s ]
INFO: [ app_init ] --END-- [ RunTime:0.000795s ]

[ 2016-08-24T17:03:54+08:00 ] ::1 /KOL/index.php/Admin/Natures/updateNatures
INFO: [ app_init ] --START--
INFO: Run Behavior\BuildLiteBehavior [ RunTime:0.000052s ]
INFO: [ app_init ] --END-- [ RunTime:0.000819s ]

[ 2016-08-24T17:07:16+08:00 ] ::1 /KOL/index.php/Admin/Natures/updateNatures
INFO: [ app_init ] --START--
INFO: Run Behavior\BuildLiteBehavior [ RunTime:0.000053s ]
INFO: [ app_init ] --END-- [ RunTime:0.000841s ]

[ 2016-08-24T17:08:11+08:00 ] ::1 /KOL/index.php/Admin/Sway/updateSway
INFO: [ app_init ] --START--
INFO: Run Behavior\BuildLiteBehavior [ RunTime:0.000052s ]
INFO: [ app_init ] --END-- [ RunTime:0.000826s ]

[ 2016-08-24T17:09:35+08:00 ] ::1 /KOL/index.php/Admin/Sway/updateSway
INFO: [ app_init ] --START--
INFO: Run Behavior\BuildLiteBehavior [ RunTime:0.000289s ]
INFO: [ app_init ] --END-- [ RunTime:0.001299s ]

[ 2016-08-24T17:11:09+08:00 ] ::1 /KOL/index.php/Admin/Sway/updateSway
INFO: [ app_init ] --START--
INFO: Run Behavior\BuildLiteBehavior [ RunTime:0.000053s ]
INFO: [ app_init ] --END-- [ RunTime:0.000849s ]

[ 2016-08-24T17:12:03+08:00 ] ::1 /KOL/index.php/Admin/Sway/updateSway
INFO: [ app_init ] --START--
INFO: Run Behavior\BuildLiteBehavior [ RunTime:0.000053s ]
INFO: [ app_init ] --END-- [ RunTime:0.001078s ]

[ 2016-08-24T17:12:14+08:00 ] ::1 /KOL/index.php/Admin/Sway/updateSway
INFO: [ app_init ] --START--
INFO: Run Behavior\BuildLiteBehavior [ RunTime:0.000051s ]
INFO: [ app_init ] --END-- [ RunTime:0.000821s ]

[ 2016-08-24T17:12:34+08:00 ] ::1 /KOL/index.php/Admin/Sway/updateSway
INFO: [ app_init ] --START--
INFO: Run Behavior\BuildLiteBehavior [ RunTime:0.000055s ]
INFO: [ app_init ] --END-- [ RunTime:0.001146s ]

[ 2016-08-24T17:13:21+08:00 ] ::1 /KOL/index.php/Admin/Sway/updateSway
INFO: [ app_init ] --START--
INFO: Run Behavior\BuildLiteBehavior [ RunTime:0.000051s ]
INFO: [ app_init ] --END-- [ RunTime:0.000800s ]
ERR: 1048:Column 'name' cannot be null
 [ SQL语句 ] : UPDATE `db_sway` SET `name`=NULL,`nick_name`='vvvvvvvvvvvvvvvvvvv',`url`='sdfwerer24523s',`fansnum`='7022',`readnum`='110',`paction`='-' WHERE `id` = 8284

[ 2016-08-24T17:14:28+08:00 ] ::1 /KOL/index.php/Admin/Sway/updateSway
INFO: [ app_init ] --START--
INFO: Run Behavior\BuildLiteBehavior [ RunTime:0.000052s ]
INFO: [ app_init ] --END-- [ RunTime:0.000857s ]

[ 2016-08-24T17:14:52+08:00 ] ::1 /KOL/index.php/Admin/Sway/updateSway
INFO: [ app_init ] --START--
INFO: Run Behavior\BuildLiteBehavior [ RunTime:0.000051s ]
INFO: [ app_init ] --END-- [ RunTime:0.000840s ]

[ 2016-08-24T17:15:55+08:00 ] ::1 /KOL/index.php/Admin/Sway/updateSway
INFO: [ app_init ] --START--
INFO: Run Behavior\BuildLiteBehavior [ RunTime:0.000052s ]
INFO: [ app_init ] --END-- [ RunTime:0.000794s ]

[ 2016-08-24T17:16:50+08:00 ] ::1 /KOL/index.php/Admin/Sway/updateSway
INFO: [ app_init ] --START--
INFO: Run Behavior\BuildLiteBehavior [ RunTime:0.000052s ]
INFO: [ app_init ] --END-- [ RunTime:0.000818s ]

[ 2016-08-24T17:19:05+08:00 ] ::1 /KOL/index.php/Admin/Sway/updateSway
INFO: [ app_init ] --START--
INFO: Run Behavior\BuildLiteBehavior [ RunTime:0.000051s ]
INFO: [ app_init ] --END-- [ RunTime:0.000844s ]
ERR: 1048:Column 'name' cannot be null
 [ SQL语句 ] : UPDATE `db_sway` SET `n_id`='11',`nick_name`='vvvvvvvvvvvvvvvvvvv',`url`='sdfwerer24523s',`fansnum`='7022',`readnum`='110',`paction`='-',`name`=NULL WHERE `id` = 8284

[ 2016-08-24T17:20:04+08:00 ] ::1 /KOL/index.php/Admin/Sway/updateSway
INFO: [ app_init ] --START--
INFO: Run Behavior\BuildLiteBehavior [ RunTime:0.000051s ]
INFO: [ app_init ] --END-- [ RunTime:0.000807s ]

[ 2016-08-24T17:25:54+08:00 ] ::1 /KOL/index.php/Admin/Sway/insertSway
INFO: [ app_init ] --START--
INFO: Run Behavior\BuildLiteBehavior [ RunTime:0.000052s ]
INFO: [ app_init ] --END-- [ RunTime:0.000822s ]

[ 2016-08-24T17:26:26+08:00 ] ::1 /KOL/index.php/Admin/Sway/insertSway
INFO: [ app_init ] --START--
INFO: Run Behavior\BuildLiteBehavior [ RunTime:0.000052s ]
INFO: [ app_init ] --END-- [ RunTime:0.000829s ]

[ 2016-08-24T17:27:53+08:00 ] ::1 /KOL/index.php/Admin/Sway/insertSway
INFO: [ app_init ] --START--
INFO: Run Behavior\BuildLiteBehavior [ RunTime:0.000052s ]
INFO: [ app_init ] --END-- [ RunTime:0.000886s ]

[ 2016-08-24T17:28:24+08:00 ] ::1 /KOL/index.php/Admin/Sway/insertSway
INFO: [ app_init ] --START--
INFO: Run Behavior\BuildLiteBehavior [ RunTime:0.000051s ]
INFO: [ app_init ] --END-- [ RunTime:0.000821s ]

[ 2016-08-24T17:29:08+08:00 ] ::1 /KOL/index.php/Admin/Sway/insertSway
INFO: [ app_init ] --START--
INFO: Run Behavior\BuildLiteBehavior [ RunTime:0.000054s ]
INFO: [ app_init ] --END-- [ RunTime:0.000859s ]

[ 2016-08-24T17:31:41+08:00 ] ::1 /KOL/index.php/Admin/Sway/insertSway
INFO: [ app_init ] --START--
INFO: Run Behavior\BuildLiteBehavior [ RunTime:0.000052s ]
INFO: [ app_init ] --END-- [ RunTime:0.000862s ]

[ 2016-08-24T17:32:19+08:00 ] ::1 /KOL/index.php/Admin/Sway/insertSway
INFO: [ app_init ] --START--
INFO: Run Behavior\BuildLiteBehavior [ RunTime:0.000058s ]
INFO: [ app_init ] --END-- [ RunTime:0.000813s ]

[ 2016-08-24T17:33:18+08:00 ] ::1 /KOL/index.php/Admin/Sway/insertSway
INFO: [ app_init ] --START--
INFO: Run Behavior\BuildLiteBehavior [ RunTime:0.000054s ]
INFO: [ app_init ] --END-- [ RunTime:0.001016s ]

[ 2016-08-24T17:35:25+08:00 ] ::1 /KOL/index.php/Admin/Sway/insertSway
INFO: [ app_init ] --START--
INFO: Run Behavior\BuildLiteBehavior [ RunTime:0.000051s ]
INFO: [ app_init ] --END-- [ RunTime:0.000872s ]

[ 2016-08-24T17:36:05+08:00 ] ::1 /KOL/index.php/Admin/Sway/insertSway
INFO: [ app_init ] --START--
INFO: Run Behavior\BuildLiteBehavior [ RunTime:0.000051s ]
INFO: [ app_init ] --END-- [ RunTime:0.000838s ]

[ 2016-08-24T17:36:24+08:00 ] ::1 /KOL/index.php/Admin/Sway/insertSway
INFO: [ app_init ] --START--
INFO: Run Behavior\BuildLiteBehavior [ RunTime:0.000050s ]
INFO: [ app_init ] --END-- [ RunTime:0.000855s ]

[ 2016-08-24T17:37:03+08:00 ] ::1 /KOL/index.php/Admin/Sway/insertSway
INFO: [ app_init ] --START--
INFO: Run Behavior\BuildLiteBehavior [ RunTime:0.000052s ]
INFO: [ app_init ] --END-- [ RunTime:0.000819s ]

